11 [140575028143552] INFO perfrun.launcher <> - Launcher main begin
12 [140575028143552] INFO perfrun.launcher <> - MessageCatalogInit finished
12 [140575028143552] INFO perfrun.launcher <> - Launcher instance created
12 [140575028143552] INFO perfrun.launcher <> - argc = 7; cmdline = /opt/intel/oneapi/vtune/2024.0/bin64/amplxe-runss --ui-output-format xml --ui-output-fd 5 --option-file /export/home/acs/stud/a/alexandra_ana.ion/sm-conways-game-of-life/src/pthreads/result_dir_pthreads_4threading.haswell-wn30.grid.pub.ro/config/runss.options 
63 [140575028143552] INFO perfrun.launcher <> - create msngr2::ICliToolContext
63 [140575028143552] INFO perfrun.launcher <> - create file finder object
64 [140575028143552] INFO perfrun.launcher <> - create a result directory: pattern = /export/home/acs/stud/a/alexandra_ana.ion/sm-conways-game-of-life/src/pthreads/result_dir_pthreads_4threading.haswell-wn30.grid.pub.ro pid = 4294967295
66 [140575028143552] INFO perfrun.sdk <> - checked that the directory /export/home/acs/stud/a/alexandra_ana.ion/sm-conways-game-of-life/src/pthreads/result_dir_pthreads_4threading.haswell-wn30.grid.pub.ro is a local directory
66 [140575028143552] INFO perfrun.sdk <> - the directory /export/home/acs/stud/a/alexandra_ana.ion/sm-conways-game-of-life/src/pthreads/result_dir_pthreads_4threading.haswell-wn30.grid.pub.ro is located on a share or its FS ID is unknown 12805120
66 [140575028143552] INFO perfrun.sdk <> - checked that the directory /tmp/amplxe-tmp-alexandra_ana.ion is a local directory
66 [140575028143552] INFO perfrun.sdk <> - the directory /tmp/amplxe-tmp-alexandra_ana.ion is a local directory with FS type ID 61267
67 [140575028143552] INFO perfrun.launcher <> - Create a local result directory /tmp/amplxe-tmp-alexandra_ana.ion/amplxe-res-2749841-262228631683255637 due to the user result path /export/home/acs/stud/a/alexandra_ana.ion/sm-conways-game-of-life/src/pthreads/result_dir_pthreads_4threading.haswell-wn30.grid.pub.ro is located on a share
67 [140575028143552] INFO perfrun.launcher <> - create data directory = /tmp/amplxe-tmp-alexandra_ana.ion/amplxe-res-2749841-262228631683255637/data.0
67 [140575028143552] INFO perfrun.launcher <> - create data directory = /export/home/acs/stud/a/alexandra_ana.ion/sm-conways-game-of-life/src/pthreads/result_dir_pthreads_4threading.haswell-wn30.grid.pub.ro/data.0
68 [140575028143552] INFO perfrun.launcher <> - Creating the master collection flag
75 [140575028143552] INFO perfrun.launcher <> - Done creating the master collection flag
89 [140574879376960] INFO perfrun.launcher <> - plugin [remoteplug] was disabled because it doesn't support the given collection type.
90 [140574879376960] INFO perfrun.sdk <> - Allocating TMU :/tmp/amplxe-tmp-alexandra_ana.ion/amplxe-res-2749841-262228631683255637/data.0/systemcollector-2749841-haswell-wn30.grid.pub.ro.sc
90 [140574879376960] INFO perfrun.system <> - Tpss based collection
90 [140574879376960] INFO perfrun.launcher <> - plugin [ptracecollector] was disabled because it doesn't support the given collection type.
90 [140574879376960] INFO perfrun.launcher <> - plugin [gpu] was disabled because it doesn't support the given collection type.
90 [140574879376960] INFO perfrun.launcher <> - plugin [] was disabled because it doesn't support the given collection type.
90 [140574879376960] INFO perfrun.launcher <> - plugin [] was disabled because it doesn't support the given collection type.
90 [140574879376960] INFO perfrun.launcher <> - plugin [] was disabled because it doesn't support the given collection type.
90 [140574879376960] INFO perfrun.mrte <> - system-wide mode is 0
90 [140574879376960] INFO perfrun.mrte <> - Getting  mrte profiling environment ...
102 [140574879376960] INFO perfrun.mrte <> - INTEL_MRTE_DATA_DIR=/tmp/amplxe-tmp-alexandra_ana.ion/amplxe-res-2749841-262228631683255637/data.0
102 [140574879376960] INFO perfrun.mrte <> - INTEL_MRTE_HOST_NAME=haswell-wn30.grid.pub.ro
102 [140574879376960] INFO perfrun.mrte <> - JAVA_TOOL_OPTIONS=-agentlib:amplxe_tpssmrte_javaprof_1.0 -Dsun.boot.library.path=/opt/intel/oneapi/vtune/2024.0/lib32/runtime:/opt/intel/oneapi/vtune/2024.0/lib64/runtime
102 [140574879376960] INFO perfrun.mrte <> - LD_LIBRARY_PATH=/opt/intel/oneapi/vtune/2024.0/lib32/runtime:/opt/intel/oneapi/vtune/2024.0/lib64/runtime:/.singularity.d/libs
102 [140574879376960] INFO perfrun.mrte <> - CORECLR_ENABLE_PROFILING=1
102 [140574879376960] INFO perfrun.mrte <> - CORECLR_PROFILER={AA5E4821-E3B1-479c-B7FF-5AD047D22CED}
102 [140574879376960] INFO perfrun.mrte <> - CORECLR_PROFILER_PATH=/opt/intel/oneapi/vtune/2024.0/lib64/libamplxe_samplingmrte_clrprof_1.0.so
102 [140574879376960] INFO perfrun.mrte <> - INTEL_MRTE_PROFILER_MODE=mixed
102 [140574879376960] INFO perfrun.mrte <> - Data directory: /tmp/amplxe-tmp-alexandra_ana.ion/amplxe-res-2749841-262228631683255637/data.0
102 [140574879376960] INFO perfrun.mrte <> - Mrte plugin is initialized
102 [140574879376960] INFO perfrun.launcher <> - plugin [emon] was disabled because it doesn't support the given collection type.
102 [140574879376960] INFO perfrun.launcher <> - plugin [cuscol] was disabled because it doesn't support the given collection type.
102 [140574879376960] INFO perfrun.launcher <> - plugin [stdsrc] was disabled because it doesn't support the given collection type.
102 [140574879376960] INFO perfrun.launcher <> - plugin [sep] was disabled because it doesn't support the given collection type.
102 [140574879376960] INFO perfrun.launcher <> - plugin [vtsspp] was disabled because it doesn't support the given collection type.
102 [140574879376960] INFO perfrun.launcher <> - plugin [perf] was disabled because it doesn't support the given collection type.
102 [140574879376960] INFO perfrun.launcher <> - plugin [aoclprofile] was disabled because it doesn't support the given collection type.
102 [140574879376960] INFO perfrun.tpss <> - initialize tpss controller
102 [140574879376960] INFO perfrun.tpss <> - configure collection mode: value = cpu:counters:nostack
102 [140574879376960] INFO perfrun.tpss <> - configure collection mode: value = cpu:stack
102 [140574879376960] INFO perfrun.tpss <> - configure collection mode: value = threading:stack
102 [140574879376960] INFO perfrun.tpss <> - configure collection mode: value = waiting:stack
102 [140574879376960] INFO perfrun.tpss <> - configure collection mode: value = io:stack
102 [140574879376960] INFO perfrun.tpss <> - default obj-size-min=1024
102 [140574879376960] INFO perfrun.tpss <> - default hash-table-size=0
102 [140574879376960] INFO perfrun.launcher <> - plugin [media] was disabled because it doesn't support the given collection type.
102 [140574879376960] INFO perfrun.launcher <> - plugin [] was disabled because it doesn't support the given collection type.
102 [140574879376960] INFO perfrun.launcher <> - plugin [] was disabled because it doesn't support the given collection type.
102 [140574879376960] INFO perfrun.launcher <> - plugin [parallelfs] was disabled because it doesn't support the given collection type.
102 [140574879376960] INFO perfrun.launcher <> - plugin [power] was disabled because it doesn't support the given collection type.
102 [140574879376960] INFO perfrun.launcher <> - plugin [] was disabled because it doesn't support the given collection type.
102 [140574879376960] INFO perfrun.launcher <> - plugin [ipmwatch] was disabled because it doesn't support the given collection type.
102 [140574879376960] INFO perfrun.launcher <> - plugin [os_counters] was disabled because it doesn't support the given collection type.
102 [140574879376960] INFO perfrun.launcher <> - plugin [l0_metrics] was disabled because it doesn't support the given collection type.
103 [140575028143552] INFO perfrun.launcher <> - set environment variable: LD_LIBRARY_PATH = /opt/intel/oneapi/vtune/2024.0/lib32/runtime:/opt/intel/oneapi/vtune/2024.0/lib64/runtime:/.singularity.d/libs
103 [140575028143552] INFO perfrun.launcher <> - set environment variable: INTEL_LIBITTNOTIFY32 = /opt/intel/oneapi/vtune/2024.0/lib32/runtime/libittnotify_collector.so
103 [140575028143552] INFO perfrun.launcher <> - set environment variable: INTEL_LIBITTNOTIFY64 = /opt/intel/oneapi/vtune/2024.0/lib64/runtime/libittnotify_collector.so
103 [140575028143552] INFO perfrun.launcher <> - set environment variable: INTEL_ITTNOTIFY_GROUPS = 
103 [140575028143552] INFO perfrun.launcher <> - set environment variable: INTEL_JIT_PROFILER32 = /opt/intel/oneapi/vtune/2024.0/lib32/runtime/libittnotify_collector.so
103 [140575028143552] INFO perfrun.launcher <> - set environment variable: INTEL_JIT_PROFILER64 = /opt/intel/oneapi/vtune/2024.0/lib64/runtime/libittnotify_collector.so
103 [140575028143552] INFO perfrun.launcher <> - set environment variable: OMP_TOOL_LIBRARIES = /opt/intel/oneapi/vtune/2024.0/lib32/runtime/libittnotify_collector.so:/opt/intel/oneapi/vtune/2024.0/lib64/runtime/libittnotify_collector.so
103 [140575028143552] INFO perfrun.launcher <> - set environment variable: ENABLE_JITPROFILING = 1
103 [140575028143552] INFO perfrun.launcher <> - set environment variable: CL_CONFIG_USE_VTUNE = True
103 [140575028143552] INFO perfrun.launcher <> - set environment variable: LD_PRELOAD = libittnotify_collector.so:
103 [140575028143552] INFO perfrun.launcher <> - set environment variable: INTEL_MRTE_DATA_DIR = /tmp/amplxe-tmp-alexandra_ana.ion/amplxe-res-2749841-262228631683255637/data.0
103 [140575028143552] INFO perfrun.launcher <> - set environment variable: INTEL_MRTE_HOST_NAME = haswell-wn30.grid.pub.ro
103 [140575028143552] INFO perfrun.launcher <> - set environment variable: JAVA_TOOL_OPTIONS = -agentlib:amplxe_tpssmrte_javaprof_1.0 -Dsun.boot.library.path=/opt/intel/oneapi/vtune/2024.0/lib32/runtime:/opt/intel/oneapi/vtune/2024.0/lib64/runtime
103 [140575028143552] INFO perfrun.launcher <> - set environment variable: LD_LIBRARY_PATH = /opt/intel/oneapi/vtune/2024.0/lib32/runtime:/opt/intel/oneapi/vtune/2024.0/lib64/runtime:/.singularity.d/libs
103 [140575028143552] INFO perfrun.launcher <> - set environment variable: CORECLR_ENABLE_PROFILING = 1
103 [140575028143552] INFO perfrun.launcher <> - set environment variable: CORECLR_PROFILER = {AA5E4821-E3B1-479c-B7FF-5AD047D22CED}
103 [140575028143552] INFO perfrun.launcher <> - set environment variable: CORECLR_PROFILER_PATH = /opt/intel/oneapi/vtune/2024.0/lib64/libamplxe_samplingmrte_clrprof_1.0.so
103 [140575028143552] INFO perfrun.launcher <> - set environment variable: INTEL_MRTE_PROFILER_MODE = mixed
103 [140575028143552] INFO perfrun.launcher <> - RpcServer: run RPC server to handle requests
104 [140575028143552] INFO perfrun.launcher <> - Launcher: command line to start before modification = ./game_of_life input_10000_x_20000.txt 4
104 [140575028143552] INFO perfrun.launcher <> - Launcher: command line to start after modification = /opt/intel/oneapi/vtune/2024.0/bin64/pin -error_file /tmp/amplxe-tmp-alexandra_ana.ion/amplxe-res-2749841-262228631683255637/data.0/pinerr.tpsslog -detach_reattach -follow_execv -tool_load_option deepbind -t64 /opt/intel/oneapi/vtune/2024.0/lib64/libtpsstool.so -t /opt/intel/oneapi/vtune/2024.0/lib32/libtpsstool.so -server_name tpss_ipc.2749841 -prd_dir /opt/intel/oneapi/vtune/2024.0 -- ./game_of_life input_10000_x_20000.txt 4
104 [140575028143552] INFO perfrun.launcher <> - ProcessCreator object was created
105 [140575028143552] INFO perfrun.launcher <> - Launcher: the process was started in suspend mode
119 [140574879376960] WARN perfrun.system <> - Could not do anything with /sys/kernel/debug/kvm: boost::filesystem::status: Permission denied: "/sys/kernel/debug/kvm", at file: vcs/perfrun1/plugins/system/src/trace_writer.cpp:787
120 [140574879376960] WARN perfrun.system <> - Folder "/var/run/libvirt/qemu/"doesn't exist, at file: vcs/perfrun1/plugins/system/src/trace_writer.cpp:800
122 [140574879376960] WARN perfrun.sdk <> - Failed to find xl binary on any of the system paths: /bin, /sbin, /usr/bin, /usr/sbin., at file: vcs/perfrun1/sdk/src/utils.cpp:204
122 [140574879376960] WARN perfrun.system <> - Could not start ContainerMapping collector, at file: vcs/perfrun1/plugins/system/src/controller.cpp:448
126 [140574879376960] INFO perfrun.vdso <> - Helper runtool '/opt/intel/oneapi/vtune/2024.0/bin32/amplxe-runss -dump-vdso -r /tmp/amplxe-tmp-alexandra_ana.ion/amplxe-res-2749841-262228631683255637 --tmp-dir /tmp/amplxe-tmp-alexandra_ana.ion' returned 1
255 [140574879376960] INFO perfrun.vdso <> - Helper runtool '/opt/intel/oneapi/vtune/2024.0/bin64/amplxe-runss -dump-vdso -r /tmp/amplxe-tmp-alexandra_ana.ion/amplxe-res-2749841-262228631683255637 --tmp-dir /tmp/amplxe-tmp-alexandra_ana.ion' returned 0
255 [140574879376960] INFO perfrun.itt <> - start itt controller for pid #2749846
255 [140574879376960] INFO perfrun.tpss <> - start tpss controller for pid #2749846
306 [140575028143552] INFO perfrun.launcher <> - Launcher: all plugins were started
306 [140575028143552] INFO perfrun.launcher <> - DirectoryMonitor object was created
306 [140575028143552] INFO perfrun.launcher <> - DirectoryMonitor: a callback was added
306 [140575028143552] INFO perfrun.launcher <> - DirectoryMonitor was started with pingTime = 1000
306 [140575028143552] INFO perfrun.launcher <> - DeadlineTimer is going to be constructed
306 [140575028143552] INFO perfrun.launcher <> - DeadlineTimer: a callback was added
316 [140575028143552] INFO perfrun.launcher <> - Launcher: resume the profiled application and  wait its termination or stop command
17916 [140575028143552] INFO perfrun.launcher <> - Launcher: the profiled application was terminated  with exit code = 0
17919 [140574879376960] INFO perfrun.itt <> - detach itt controller
17919 [140574879376960] INFO perfrun.itt <> - detach itt controller done
17919 [140574879376960] INFO perfrun.tpss <> - stop tpss controller
17919 [140574879376960] INFO perfrun.sdk <> - De-allocating TMU: /tmp/amplxe-tmp-alexandra_ana.ion/amplxe-res-2749841-262228631683255637/data.0/systemcollector-2749841-haswell-wn30.grid.pub.ro.sc
17919 [140574879376960] INFO perfrun.system <> - closed the system trace file: /tmp/amplxe-tmp-alexandra_ana.ion/amplxe-res-2749841-262228631683255637/data.0/systemcollector-2749841-haswell-wn30.grid.pub.ro.sc
17919 [140575028143552] INFO perfrun.launcher <> - Launcher: all plugins were stopped.
17919 [140575028143552] INFO perfrun.launcher <> - DeadlineTimer is going to be destroyed
17920 [140575028143552] INFO perfrun.launcher <> - DeadlineTimer was destroyed
17920 [140575028143552] INFO perfrun.launcher <> - DirectoryMonitor object was destroyed
17920 [140575028143552] WARN perfrun.launcher <> - Stop command is ignored because it is received when collection is already stopped, at file: vcs/perfrun1/launcher/src/command_handler.cpp:226
17933 [140575028143552] INFO perfrun.launcher <> - Application exit code: 0
17933 [140575028143552] INFO perfrun.launcher <> - Exit code: 0
