11 [139795816646080] INFO perfrun.launcher <> - Launcher main begin
12 [139795816646080] INFO perfrun.launcher <> - MessageCatalogInit finished
12 [139795816646080] INFO perfrun.launcher <> - Launcher instance created
12 [139795816646080] INFO perfrun.launcher <> - argc = 7; cmdline = /opt/intel/oneapi/vtune/2024.0/bin64/amplxe-runss --ui-output-format xml --ui-output-fd 5 --option-file /export/home/acs/stud/a/alexandra_ana.ion/sm-conways-game-of-life/src/pthreads/result_dir_pthreads_16hotspots.haswell-wn30.grid.pub.ro/config/runss.options 
62 [139795816646080] INFO perfrun.launcher <> - create msngr2::ICliToolContext
62 [139795816646080] INFO perfrun.launcher <> - create file finder object
62 [139795816646080] INFO perfrun.launcher <> - create a result directory: pattern = /export/home/acs/stud/a/alexandra_ana.ion/sm-conways-game-of-life/src/pthreads/result_dir_pthreads_16hotspots.haswell-wn30.grid.pub.ro pid = 4294967295
76 [139795816646080] INFO perfrun.sdk <> - checked that the directory /export/home/acs/stud/a/alexandra_ana.ion/sm-conways-game-of-life/src/pthreads/result_dir_pthreads_16hotspots.haswell-wn30.grid.pub.ro is a local directory
77 [139795816646080] INFO perfrun.sdk <> - the directory /export/home/acs/stud/a/alexandra_ana.ion/sm-conways-game-of-life/src/pthreads/result_dir_pthreads_16hotspots.haswell-wn30.grid.pub.ro is located on a share or its FS ID is unknown 12805120
77 [139795816646080] INFO perfrun.sdk <> - checked that the directory /tmp/amplxe-tmp-alexandra_ana.ion is a local directory
77 [139795816646080] INFO perfrun.sdk <> - the directory /tmp/amplxe-tmp-alexandra_ana.ion is a local directory with FS type ID 61267
77 [139795816646080] INFO perfrun.launcher <> - Create a local result directory /tmp/amplxe-tmp-alexandra_ana.ion/amplxe-res-2750153-262228840501279688 due to the user result path /export/home/acs/stud/a/alexandra_ana.ion/sm-conways-game-of-life/src/pthreads/result_dir_pthreads_16hotspots.haswell-wn30.grid.pub.ro is located on a share
77 [139795816646080] INFO perfrun.launcher <> - create data directory = /tmp/amplxe-tmp-alexandra_ana.ion/amplxe-res-2750153-262228840501279688/data.0
78 [139795816646080] INFO perfrun.launcher <> - create data directory = /export/home/acs/stud/a/alexandra_ana.ion/sm-conways-game-of-life/src/pthreads/result_dir_pthreads_16hotspots.haswell-wn30.grid.pub.ro/data.0
78 [139795816646080] INFO perfrun.launcher <> - Creating the master collection flag
88 [139795816646080] INFO perfrun.launcher <> - Done creating the master collection flag
102 [139795667871296] INFO perfrun.launcher <> - plugin [remoteplug] was disabled because it doesn't support the given collection type.
102 [139795667871296] INFO perfrun.sdk <> - Allocating TMU :/tmp/amplxe-tmp-alexandra_ana.ion/amplxe-res-2750153-262228840501279688/data.0/systemcollector-2750153-haswell-wn30.grid.pub.ro.sc
102 [139795667871296] INFO perfrun.system <> - Tpss based collection
103 [139795667871296] INFO perfrun.launcher <> - plugin [ptracecollector] was disabled because it doesn't support the given collection type.
103 [139795667871296] INFO perfrun.launcher <> - plugin [gpu] was disabled because it doesn't support the given collection type.
103 [139795667871296] INFO perfrun.launcher <> - plugin [] was disabled because it doesn't support the given collection type.
103 [139795667871296] INFO perfrun.launcher <> - plugin [] was disabled because it doesn't support the given collection type.
103 [139795667871296] INFO perfrun.launcher <> - plugin [] was disabled because it doesn't support the given collection type.
103 [139795667871296] INFO perfrun.mrte <> - system-wide mode is 0
103 [139795667871296] INFO perfrun.mrte <> - Getting  mrte profiling environment ...
115 [139795667871296] INFO perfrun.mrte <> - INTEL_MRTE_DATA_DIR=/tmp/amplxe-tmp-alexandra_ana.ion/amplxe-res-2750153-262228840501279688/data.0
115 [139795667871296] INFO perfrun.mrte <> - INTEL_MRTE_HOST_NAME=haswell-wn30.grid.pub.ro
115 [139795667871296] INFO perfrun.mrte <> - JAVA_TOOL_OPTIONS=-agentlib:amplxe_tpssmrte_javaprof_1.0 -Dsun.boot.library.path=/opt/intel/oneapi/vtune/2024.0/lib32/runtime:/opt/intel/oneapi/vtune/2024.0/lib64/runtime
115 [139795667871296] INFO perfrun.mrte <> - LD_LIBRARY_PATH=/opt/intel/oneapi/vtune/2024.0/lib32/runtime:/opt/intel/oneapi/vtune/2024.0/lib64/runtime:/.singularity.d/libs
115 [139795667871296] INFO perfrun.mrte <> - CORECLR_ENABLE_PROFILING=1
115 [139795667871296] INFO perfrun.mrte <> - CORECLR_PROFILER={AA5E4821-E3B1-479c-B7FF-5AD047D22CED}
115 [139795667871296] INFO perfrun.mrte <> - CORECLR_PROFILER_PATH=/opt/intel/oneapi/vtune/2024.0/lib64/libamplxe_samplingmrte_clrprof_1.0.so
115 [139795667871296] INFO perfrun.mrte <> - INTEL_MRTE_PROFILER_MODE=mixed
115 [139795667871296] INFO perfrun.mrte <> - Data directory: /tmp/amplxe-tmp-alexandra_ana.ion/amplxe-res-2750153-262228840501279688/data.0
115 [139795667871296] INFO perfrun.mrte <> - Mrte plugin is initialized
115 [139795667871296] INFO perfrun.launcher <> - plugin [emon] was disabled because it doesn't support the given collection type.
115 [139795667871296] INFO perfrun.launcher <> - plugin [cuscol] was disabled because it doesn't support the given collection type.
115 [139795667871296] INFO perfrun.launcher <> - plugin [stdsrc] was disabled because it doesn't support the given collection type.
115 [139795667871296] INFO perfrun.launcher <> - plugin [sep] was disabled because it doesn't support the given collection type.
115 [139795667871296] INFO perfrun.launcher <> - plugin [vtsspp] was disabled because it doesn't support the given collection type.
115 [139795667871296] INFO perfrun.sdk <> - Reading value (2) from file: /proc/sys/kernel/perf_event_paranoid
115 [139795667871296] INFO perfrun.perfcollector <> - checking access to: /opt/intel/oneapi/vtune/2024.0/bin64/amplxe-perf-priv
117 [139795667871296] INFO perfrun.perfcollector <> - cpu: family = 6 model = 63
117 [139795667871296] INFO perfrun.perfcollector <> - dir found: /sys/bus/event_source/devices/software
117 [139795667871296] INFO perfrun.perfcollector <> - format: pmu format subdir doesn't exist
117 [139795667871296] INFO perfrun.perfcollector <> - hwInfo: not set, pmuFam: software
117 [139795667871296] INFO perfrun.perfcollector <> - pmu added: family: software, id: 0
117 [139795667871296] INFO perfrun.perfcollector <> - dir found: /sys/bus/event_source/devices/uncore_imc_3
117 [139795667871296] INFO perfrun.perfcollector <> - format: event config:0-7 mask:0-7
117 [139795667871296] INFO perfrun.perfcollector <> - format: edge config:18 mask:18
117 [139795667871296] INFO perfrun.perfcollector <> - format: inv config:23 mask:23
117 [139795667871296] INFO perfrun.perfcollector <> - format: umask config:8-15 mask:8-15
118 [139795667871296] INFO perfrun.perfcollector <> - format: thresh config:24-31 mask:24-31
118 [139795667871296] INFO perfrun.perfcollector <> - hwInfo: PERF_IMC_PMU_DETAILS
118 [139795667871296] INFO perfrun.perfcollector <> - pmu added: family: uncore_imc, id: 3
118 [139795667871296] INFO perfrun.perfcollector <> - dir found: /sys/bus/event_source/devices/uncore_r2pcie
118 [139795667871296] INFO perfrun.perfcollector <> - format: event config:0-7 mask:0-7
118 [139795667871296] INFO perfrun.perfcollector <> - format: edge config:18 mask:18
118 [139795667871296] INFO perfrun.perfcollector <> - format: inv config:23 mask:23
118 [139795667871296] INFO perfrun.perfcollector <> - format: umask config:8-15 mask:8-15
118 [139795667871296] INFO perfrun.perfcollector <> - format: thresh config:24-31 mask:24-31
118 [139795667871296] INFO perfrun.perfcollector <> - hwInfo: not set, pmuFam: uncore_r2pcie
118 [139795667871296] INFO perfrun.perfcollector <> - pmu added: family: uncore_r2pcie, id: 0
118 [139795667871296] INFO perfrun.perfcollector <> - dir found: /sys/bus/event_source/devices/uncore_sbox_0
118 [139795667871296] INFO perfrun.perfcollector <> - format: event config:0-7 mask:0-7
118 [139795667871296] INFO perfrun.perfcollector <> - format: edge config:18 mask:18
118 [139795667871296] INFO perfrun.perfcollector <> - format: inv config:23 mask:23
118 [139795667871296] INFO perfrun.perfcollector <> - format: umask config:8-15 mask:8-15
118 [139795667871296] INFO perfrun.perfcollector <> - format: tid_en config:19 mask:19
118 [139795667871296] INFO perfrun.perfcollector <> - format: thresh config:24-31 mask:24-31
118 [139795667871296] INFO perfrun.perfcollector <> - hwInfo: not set, pmuFam: uncore_sbox
118 [139795667871296] INFO perfrun.perfcollector <> - pmu added: family: uncore_sbox, id: 0
118 [139795667871296] INFO perfrun.perfcollector <> - dir found: /sys/bus/event_source/devices/uncore_qpi_1
118 [139795667871296] INFO perfrun.perfcollector <> - format: mask_rnid4 config2:31 mask:31
118 [139795667871296] INFO perfrun.perfcollector <> - format: mask_rnid30 config2:32-35 mask:32-35
118 [139795667871296] INFO perfrun.perfcollector <> - format: match_rnid30 config1:32-35 mask:32-35
118 [139795667871296] INFO perfrun.perfcollector <> - format: event config:0-7,21 mask:0-7,21
118 [139795667871296] INFO perfrun.perfcollector <> - format: match0 config1:0-31 mask:0-31
118 [139795667871296] INFO perfrun.perfcollector <> - format: match_rds config1:48-51 mask:48-51
118 [139795667871296] INFO perfrun.perfcollector <> - format: mask_rds config2:48-51 mask:48-51
118 [139795667871296] INFO perfrun.perfcollector <> - format: edge config:18 mask:18
118 [139795667871296] INFO perfrun.perfcollector <> - format: mask1 config2:32-63 mask:32-63
118 [139795667871296] INFO perfrun.perfcollector <> - format: match_dnid config1:13-17 mask:13-17
118 [139795667871296] INFO perfrun.perfcollector <> - format: mask_dnid config2:13-17 mask:13-17
118 [139795667871296] INFO perfrun.perfcollector <> - format: match_vnw config1:3-4 mask:3-4
118 [139795667871296] INFO perfrun.perfcollector <> - format: mask_vnw config2:3-4 mask:3-4
118 [139795667871296] INFO perfrun.perfcollector <> - format: mask_mc config2:9-12 mask:9-12
118 [139795667871296] INFO perfrun.perfcollector <> - format: match1 config1:32-63 mask:32-63
118 [139795667871296] INFO perfrun.perfcollector <> - format: inv config:23 mask:23
118 [139795667871296] INFO perfrun.perfcollector <> - format: umask config:8-15 mask:8-15
118 [139795667871296] INFO perfrun.perfcollector <> - format: match_opc config1:5-8 mask:5-8
118 [139795667871296] INFO perfrun.perfcollector <> - format: mask_opc config2:5-8 mask:5-8
118 [139795667871296] INFO perfrun.perfcollector <> - format: thresh config:24-31 mask:24-31
118 [139795667871296] INFO perfrun.perfcollector <> - format: match_rnid4 config1:31 mask:31
118 [139795667871296] INFO perfrun.perfcollector <> - format: mask0 config2:0-31 mask:0-31
119 [139795667871296] INFO perfrun.perfcollector <> - format: match_mc config1:9-12 mask:9-12
119 [139795667871296] INFO perfrun.perfcollector <> - hwInfo: PERF_QPI_PMU_DETAILS
119 [139795667871296] INFO perfrun.perfcollector <> - pmu added: family: uncore_qpi, id: 1
119 [139795667871296] INFO perfrun.perfcollector <> - dir found: /sys/bus/event_source/devices/uncore_cbox_6
119 [139795667871296] INFO perfrun.perfcollector <> - format: event config:0-7 mask:0-7
119 [139795667871296] INFO perfrun.perfcollector <> - format: filter_link config1:6-8 mask:6-8
119 [139795667871296] INFO perfrun.perfcollector <> - format: filter_c6 config1:61 mask:61
119 [139795667871296] INFO perfrun.perfcollector <> - format: edge config:18 mask:18
119 [139795667871296] INFO perfrun.perfcollector <> - format: filter_isoc config1:63 mask:63
119 [139795667871296] INFO perfrun.perfcollector <> - format: filter_tid config1:0-5 mask:0-5
119 [139795667871296] INFO perfrun.perfcollector <> - format: filter_nid config1:32-47 mask:32-47
119 [139795667871296] INFO perfrun.perfcollector <> - format: filter_nc config1:62 mask:62
119 [139795667871296] INFO perfrun.perfcollector <> - format: umask config:8-15 mask:8-15
119 [139795667871296] INFO perfrun.perfcollector <> - format: tid_en config:19 mask:19
119 [139795667871296] INFO perfrun.perfcollector <> - format: thresh config:24-31 mask:24-31
119 [139795667871296] INFO perfrun.perfcollector <> - format: filter_state config1:17-23 mask:17-23
119 [139795667871296] INFO perfrun.perfcollector <> - format: filter_opc config1:52-60 mask:52-60
119 [139795667871296] INFO perfrun.perfcollector <> - hwInfo: PERF_CBOX_PMU_DETAILS
119 [139795667871296] INFO perfrun.perfcollector <> - pmu added: family: uncore_cbox, id: 6
119 [139795667871296] INFO perfrun.perfcollector <> - dir found: /sys/bus/event_source/devices/uncore_imc_1
119 [139795667871296] INFO perfrun.perfcollector <> - format: event config:0-7 mask:0-7
119 [139795667871296] INFO perfrun.perfcollector <> - format: edge config:18 mask:18
119 [139795667871296] INFO perfrun.perfcollector <> - format: inv config:23 mask:23
119 [139795667871296] INFO perfrun.perfcollector <> - format: umask config:8-15 mask:8-15
119 [139795667871296] INFO perfrun.perfcollector <> - format: thresh config:24-31 mask:24-31
119 [139795667871296] INFO perfrun.perfcollector <> - hwInfo: PERF_IMC_PMU_DETAILS
119 [139795667871296] INFO perfrun.perfcollector <> - pmu added: family: uncore_imc, id: 1
119 [139795667871296] INFO perfrun.perfcollector <> - dir found: /sys/bus/event_source/devices/power
119 [139795667871296] INFO perfrun.perfcollector <> - format: event config:0-7 mask:0-7
119 [139795667871296] INFO perfrun.perfcollector <> - hwInfo: not set, pmuFam: power
119 [139795667871296] INFO perfrun.perfcollector <> - pmu added: family: power, id: 0
119 [139795667871296] INFO perfrun.perfcollector <> - dir found: /sys/bus/event_source/devices/uncore_cbox_4
119 [139795667871296] INFO perfrun.perfcollector <> - format: event config:0-7 mask:0-7
119 [139795667871296] INFO perfrun.perfcollector <> - format: filter_link config1:6-8 mask:6-8
119 [139795667871296] INFO perfrun.perfcollector <> - format: filter_c6 config1:61 mask:61
119 [139795667871296] INFO perfrun.perfcollector <> - format: edge config:18 mask:18
119 [139795667871296] INFO perfrun.perfcollector <> - format: filter_isoc config1:63 mask:63
119 [139795667871296] INFO perfrun.perfcollector <> - format: filter_tid config1:0-5 mask:0-5
119 [139795667871296] INFO perfrun.perfcollector <> - format: filter_nid config1:32-47 mask:32-47
119 [139795667871296] INFO perfrun.perfcollector <> - format: filter_nc config1:62 mask:62
119 [139795667871296] INFO perfrun.perfcollector <> - format: umask config:8-15 mask:8-15
119 [139795667871296] INFO perfrun.perfcollector <> - format: tid_en config:19 mask:19
119 [139795667871296] INFO perfrun.perfcollector <> - format: thresh config:24-31 mask:24-31
119 [139795667871296] INFO perfrun.perfcollector <> - format: filter_state config1:17-23 mask:17-23
119 [139795667871296] INFO perfrun.perfcollector <> - format: filter_opc config1:52-60 mask:52-60
119 [139795667871296] INFO perfrun.perfcollector <> - hwInfo: PERF_CBOX_PMU_DETAILS
119 [139795667871296] INFO perfrun.perfcollector <> - pmu added: family: uncore_cbox, id: 4
119 [139795667871296] INFO perfrun.perfcollector <> - dir found: /sys/bus/event_source/devices/uprobe
119 [139795667871296] INFO perfrun.perfcollector <> - format: retprobe config:0 mask:0
119 [139795667871296] INFO perfrun.perfcollector <> - hwInfo: not set, pmuFam: uprobe
119 [139795667871296] INFO perfrun.perfcollector <> - pmu added: family: uprobe, id: 0
119 [139795667871296] INFO perfrun.perfcollector <> - dir found: /sys/bus/event_source/devices/cpu
120 [139795667871296] INFO perfrun.perfcollector <> - format: event config:0-7 mask:0-7
120 [139795667871296] INFO perfrun.perfcollector <> - format: pc config:19 mask:19
120 [139795667871296] INFO perfrun.perfcollector <> - format: edge config:18 mask:18
120 [139795667871296] INFO perfrun.perfcollector <> - format: any config:21 mask:21
120 [139795667871296] INFO perfrun.perfcollector <> - format: offcore_rsp config1:0-63 mask:0-63
120 [139795667871296] INFO perfrun.perfcollector <> - format: ldlat config1:0-15 mask:0-15
120 [139795667871296] INFO perfrun.perfcollector <> - format: inv config:23 mask:23
120 [139795667871296] INFO perfrun.perfcollector <> - format: umask config:8-15 mask:8-15
120 [139795667871296] INFO perfrun.perfcollector <> - format: cmask config:24-31 mask:24-31
120 [139795667871296] INFO perfrun.perfcollector <> - hwInfo: PERF_CPU_PMU_DETAILS
120 [139795667871296] INFO perfrun.perfcollector <> - pmu added: family: cpu, id: 0
120 [139795667871296] INFO perfrun.perfcollector <> - dir found: /sys/bus/event_source/devices/uncore_r3qpi_0
120 [139795667871296] INFO perfrun.perfcollector <> - format: event config:0-7 mask:0-7
120 [139795667871296] INFO perfrun.perfcollector <> - format: edge config:18 mask:18
120 [139795667871296] INFO perfrun.perfcollector <> - format: inv config:23 mask:23
120 [139795667871296] INFO perfrun.perfcollector <> - format: umask config:8-15 mask:8-15
120 [139795667871296] INFO perfrun.perfcollector <> - format: thresh config:24-31 mask:24-31
120 [139795667871296] INFO perfrun.perfcollector <> - hwInfo: not set, pmuFam: uncore_r3qpi
120 [139795667871296] INFO perfrun.perfcollector <> - pmu added: family: uncore_r3qpi, id: 0
120 [139795667871296] INFO perfrun.perfcollector <> - dir found: /sys/bus/event_source/devices/cstate_core
120 [139795667871296] INFO perfrun.perfcollector <> - format: event config:0-63 mask:0-63
120 [139795667871296] INFO perfrun.perfcollector <> - hwInfo: not set, pmuFam: cstate_core
120 [139795667871296] INFO perfrun.perfcollector <> - pmu added: family: cstate_core, id: 0
120 [139795667871296] INFO perfrun.perfcollector <> - dir found: /sys/bus/event_source/devices/uncore_cbox_2
120 [139795667871296] INFO perfrun.perfcollector <> - format: event config:0-7 mask:0-7
120 [139795667871296] INFO perfrun.perfcollector <> - format: filter_link config1:6-8 mask:6-8
120 [139795667871296] INFO perfrun.perfcollector <> - format: filter_c6 config1:61 mask:61
120 [139795667871296] INFO perfrun.perfcollector <> - format: edge config:18 mask:18
120 [139795667871296] INFO perfrun.perfcollector <> - format: filter_isoc config1:63 mask:63
120 [139795667871296] INFO perfrun.perfcollector <> - format: filter_tid config1:0-5 mask:0-5
120 [139795667871296] INFO perfrun.perfcollector <> - format: filter_nid config1:32-47 mask:32-47
120 [139795667871296] INFO perfrun.perfcollector <> - format: filter_nc config1:62 mask:62
120 [139795667871296] INFO perfrun.perfcollector <> - format: umask config:8-15 mask:8-15
120 [139795667871296] INFO perfrun.perfcollector <> - format: tid_en config:19 mask:19
120 [139795667871296] INFO perfrun.perfcollector <> - format: thresh config:24-31 mask:24-31
120 [139795667871296] INFO perfrun.perfcollector <> - format: filter_state config1:17-23 mask:17-23
120 [139795667871296] INFO perfrun.perfcollector <> - format: filter_opc config1:52-60 mask:52-60
120 [139795667871296] INFO perfrun.perfcollector <> - hwInfo: PERF_CBOX_PMU_DETAILS
120 [139795667871296] INFO perfrun.perfcollector <> - pmu added: family: uncore_cbox, id: 2
120 [139795667871296] INFO perfrun.perfcollector <> - dir found: /sys/bus/event_source/devices/breakpoint
120 [139795667871296] INFO perfrun.perfcollector <> - format: pmu format subdir doesn't exist
120 [139795667871296] INFO perfrun.perfcollector <> - hwInfo: not set, pmuFam: breakpoint
120 [139795667871296] INFO perfrun.perfcollector <> - pmu added: family: breakpoint, id: 0
120 [139795667871296] INFO perfrun.perfcollector <> - dir found: /sys/bus/event_source/devices/uncore_ha_0
120 [139795667871296] INFO perfrun.perfcollector <> - format: event config:0-7 mask:0-7
120 [139795667871296] INFO perfrun.perfcollector <> - format: edge config:18 mask:18
120 [139795667871296] INFO perfrun.perfcollector <> - format: inv config:23 mask:23
120 [139795667871296] INFO perfrun.perfcollector <> - format: umask config:8-15 mask:8-15
120 [139795667871296] INFO perfrun.perfcollector <> - format: thresh config:24-31 mask:24-31
120 [139795667871296] INFO perfrun.perfcollector <> - hwInfo: not set, pmuFam: uncore_ha
120 [139795667871296] INFO perfrun.perfcollector <> - pmu added: family: uncore_ha, id: 0
120 [139795667871296] INFO perfrun.perfcollector <> - dir found: /sys/bus/event_source/devices/uncore_cbox_0
121 [139795667871296] INFO perfrun.perfcollector <> - format: event config:0-7 mask:0-7
121 [139795667871296] INFO perfrun.perfcollector <> - format: filter_link config1:6-8 mask:6-8
121 [139795667871296] INFO perfrun.perfcollector <> - format: filter_c6 config1:61 mask:61
121 [139795667871296] INFO perfrun.perfcollector <> - format: edge config:18 mask:18
121 [139795667871296] INFO perfrun.perfcollector <> - format: filter_isoc config1:63 mask:63
121 [139795667871296] INFO perfrun.perfcollector <> - format: filter_tid config1:0-5 mask:0-5
121 [139795667871296] INFO perfrun.perfcollector <> - format: filter_nid config1:32-47 mask:32-47
121 [139795667871296] INFO perfrun.perfcollector <> - format: filter_nc config1:62 mask:62
121 [139795667871296] INFO perfrun.perfcollector <> - format: umask config:8-15 mask:8-15
121 [139795667871296] INFO perfrun.perfcollector <> - format: tid_en config:19 mask:19
121 [139795667871296] INFO perfrun.perfcollector <> - format: thresh config:24-31 mask:24-31
121 [139795667871296] INFO perfrun.perfcollector <> - format: filter_state config1:17-23 mask:17-23
121 [139795667871296] INFO perfrun.perfcollector <> - format: filter_opc config1:52-60 mask:52-60
121 [139795667871296] INFO perfrun.perfcollector <> - hwInfo: PERF_CBOX_PMU_DETAILS
121 [139795667871296] INFO perfrun.perfcollector <> - pmu added: family: uncore_cbox, id: 0
121 [139795667871296] INFO perfrun.perfcollector <> - dir found: /sys/bus/event_source/devices/tracepoint
121 [139795667871296] INFO perfrun.perfcollector <> - format: pmu format subdir doesn't exist
121 [139795667871296] INFO perfrun.perfcollector <> - hwInfo: not set, pmuFam: tracepoint
121 [139795667871296] INFO perfrun.perfcollector <> - pmu added: family: tracepoint, id: 0
121 [139795667871296] INFO perfrun.perfcollector <> - dir found: /sys/bus/event_source/devices/cstate_pkg
121 [139795667871296] INFO perfrun.perfcollector <> - format: event config:0-63 mask:0-63
121 [139795667871296] INFO perfrun.perfcollector <> - hwInfo: not set, pmuFam: cstate_pkg
121 [139795667871296] INFO perfrun.perfcollector <> - pmu added: family: cstate_pkg, id: 0
121 [139795667871296] INFO perfrun.perfcollector <> - dir found: /sys/bus/event_source/devices/uncore_imc_4
121 [139795667871296] INFO perfrun.perfcollector <> - format: event config:0-7 mask:0-7
121 [139795667871296] INFO perfrun.perfcollector <> - format: edge config:18 mask:18
121 [139795667871296] INFO perfrun.perfcollector <> - format: inv config:23 mask:23
121 [139795667871296] INFO perfrun.perfcollector <> - format: umask config:8-15 mask:8-15
121 [139795667871296] INFO perfrun.perfcollector <> - format: thresh config:24-31 mask:24-31
121 [139795667871296] INFO perfrun.perfcollector <> - hwInfo: PERF_IMC_PMU_DETAILS
121 [139795667871296] INFO perfrun.perfcollector <> - pmu added: family: uncore_imc, id: 4
121 [139795667871296] INFO perfrun.perfcollector <> - dir found: /sys/bus/event_source/devices/uncore_ubox
121 [139795667871296] INFO perfrun.perfcollector <> - format: event config:0-7 mask:0-7
121 [139795667871296] INFO perfrun.perfcollector <> - format: edge config:18 mask:18
121 [139795667871296] INFO perfrun.perfcollector <> - format: filter_tid config1:0 mask:0
121 [139795667871296] INFO perfrun.perfcollector <> - format: inv config:23 mask:23
121 [139795667871296] INFO perfrun.perfcollector <> - format: umask config:8-15 mask:8-15
121 [139795667871296] INFO perfrun.perfcollector <> - format: thresh config:24-28 mask:24-28
121 [139795667871296] INFO perfrun.perfcollector <> - format: filter_cid config1:5 mask:5
121 [139795667871296] INFO perfrun.perfcollector <> - hwInfo: not set, pmuFam: uncore_ubox
121 [139795667871296] INFO perfrun.perfcollector <> - pmu added: family: uncore_ubox, id: 0
121 [139795667871296] INFO perfrun.perfcollector <> - dir found: /sys/bus/event_source/devices/uncore_sbox_1
121 [139795667871296] INFO perfrun.perfcollector <> - format: event config:0-7 mask:0-7
121 [139795667871296] INFO perfrun.perfcollector <> - format: edge config:18 mask:18
121 [139795667871296] INFO perfrun.perfcollector <> - format: inv config:23 mask:23
121 [139795667871296] INFO perfrun.perfcollector <> - format: umask config:8-15 mask:8-15
121 [139795667871296] INFO perfrun.perfcollector <> - format: tid_en config:19 mask:19
121 [139795667871296] INFO perfrun.perfcollector <> - format: thresh config:24-31 mask:24-31
121 [139795667871296] INFO perfrun.perfcollector <> - hwInfo: not set, pmuFam: uncore_sbox
121 [139795667871296] INFO perfrun.perfcollector <> - pmu added: family: uncore_sbox, id: 1
121 [139795667871296] INFO perfrun.perfcollector <> - dir found: /sys/bus/event_source/devices/uncore_cbox_7
122 [139795667871296] INFO perfrun.perfcollector <> - format: event config:0-7 mask:0-7
122 [139795667871296] INFO perfrun.perfcollector <> - format: filter_link config1:6-8 mask:6-8
122 [139795667871296] INFO perfrun.perfcollector <> - format: filter_c6 config1:61 mask:61
122 [139795667871296] INFO perfrun.perfcollector <> - format: edge config:18 mask:18
122 [139795667871296] INFO perfrun.perfcollector <> - format: filter_isoc config1:63 mask:63
122 [139795667871296] INFO perfrun.perfcollector <> - format: filter_tid config1:0-5 mask:0-5
122 [139795667871296] INFO perfrun.perfcollector <> - format: filter_nid config1:32-47 mask:32-47
122 [139795667871296] INFO perfrun.perfcollector <> - format: filter_nc config1:62 mask:62
122 [139795667871296] INFO perfrun.perfcollector <> - format: umask config:8-15 mask:8-15
122 [139795667871296] INFO perfrun.perfcollector <> - format: tid_en config:19 mask:19
122 [139795667871296] INFO perfrun.perfcollector <> - format: thresh config:24-31 mask:24-31
122 [139795667871296] INFO perfrun.perfcollector <> - format: filter_state config1:17-23 mask:17-23
122 [139795667871296] INFO perfrun.perfcollector <> - format: filter_opc config1:52-60 mask:52-60
122 [139795667871296] INFO perfrun.perfcollector <> - hwInfo: PERF_CBOX_PMU_DETAILS
122 [139795667871296] INFO perfrun.perfcollector <> - pmu added: family: uncore_cbox, id: 7
122 [139795667871296] INFO perfrun.perfcollector <> - dir found: /sys/bus/event_source/devices/uncore_imc_2
122 [139795667871296] INFO perfrun.perfcollector <> - format: event config:0-7 mask:0-7
122 [139795667871296] INFO perfrun.perfcollector <> - format: edge config:18 mask:18
122 [139795667871296] INFO perfrun.perfcollector <> - format: inv config:23 mask:23
122 [139795667871296] INFO perfrun.perfcollector <> - format: umask config:8-15 mask:8-15
122 [139795667871296] INFO perfrun.perfcollector <> - format: thresh config:24-31 mask:24-31
122 [139795667871296] INFO perfrun.perfcollector <> - hwInfo: PERF_IMC_PMU_DETAILS
122 [139795667871296] INFO perfrun.perfcollector <> - pmu added: family: uncore_imc, id: 2
122 [139795667871296] INFO perfrun.perfcollector <> - dir found: /sys/bus/event_source/devices/kprobe
122 [139795667871296] INFO perfrun.perfcollector <> - format: retprobe config:0 mask:0
122 [139795667871296] INFO perfrun.perfcollector <> - hwInfo: not set, pmuFam: kprobe
122 [139795667871296] INFO perfrun.perfcollector <> - pmu added: family: kprobe, id: 0
122 [139795667871296] INFO perfrun.perfcollector <> - dir found: /sys/bus/event_source/devices/uncore_qpi_0
122 [139795667871296] INFO perfrun.perfcollector <> - format: mask_rnid4 config2:31 mask:31
122 [139795667871296] INFO perfrun.perfcollector <> - format: mask_rnid30 config2:32-35 mask:32-35
122 [139795667871296] INFO perfrun.perfcollector <> - format: match_rnid30 config1:32-35 mask:32-35
122 [139795667871296] INFO perfrun.perfcollector <> - format: event config:0-7,21 mask:0-7,21
122 [139795667871296] INFO perfrun.perfcollector <> - format: match0 config1:0-31 mask:0-31
122 [139795667871296] INFO perfrun.perfcollector <> - format: match_rds config1:48-51 mask:48-51
122 [139795667871296] INFO perfrun.perfcollector <> - format: mask_rds config2:48-51 mask:48-51
122 [139795667871296] INFO perfrun.perfcollector <> - format: edge config:18 mask:18
122 [139795667871296] INFO perfrun.perfcollector <> - format: mask1 config2:32-63 mask:32-63
122 [139795667871296] INFO perfrun.perfcollector <> - format: match_dnid config1:13-17 mask:13-17
122 [139795667871296] INFO perfrun.perfcollector <> - format: mask_dnid config2:13-17 mask:13-17
122 [139795667871296] INFO perfrun.perfcollector <> - format: match_vnw config1:3-4 mask:3-4
122 [139795667871296] INFO perfrun.perfcollector <> - format: mask_vnw config2:3-4 mask:3-4
122 [139795667871296] INFO perfrun.perfcollector <> - format: mask_mc config2:9-12 mask:9-12
122 [139795667871296] INFO perfrun.perfcollector <> - format: match1 config1:32-63 mask:32-63
122 [139795667871296] INFO perfrun.perfcollector <> - format: inv config:23 mask:23
122 [139795667871296] INFO perfrun.perfcollector <> - format: umask config:8-15 mask:8-15
122 [139795667871296] INFO perfrun.perfcollector <> - format: match_opc config1:5-8 mask:5-8
122 [139795667871296] INFO perfrun.perfcollector <> - format: mask_opc config2:5-8 mask:5-8
122 [139795667871296] INFO perfrun.perfcollector <> - format: thresh config:24-31 mask:24-31
122 [139795667871296] INFO perfrun.perfcollector <> - format: match_rnid4 config1:31 mask:31
123 [139795667871296] INFO perfrun.perfcollector <> - format: mask0 config2:0-31 mask:0-31
123 [139795667871296] INFO perfrun.perfcollector <> - format: match_mc config1:9-12 mask:9-12
123 [139795667871296] INFO perfrun.perfcollector <> - hwInfo: PERF_QPI_PMU_DETAILS
123 [139795667871296] INFO perfrun.perfcollector <> - pmu added: family: uncore_qpi, id: 0
123 [139795667871296] INFO perfrun.perfcollector <> - dir found: /sys/bus/event_source/devices/uncore_cbox_5
123 [139795667871296] INFO perfrun.perfcollector <> - format: event config:0-7 mask:0-7
123 [139795667871296] INFO perfrun.perfcollector <> - format: filter_link config1:6-8 mask:6-8
123 [139795667871296] INFO perfrun.perfcollector <> - format: filter_c6 config1:61 mask:61
123 [139795667871296] INFO perfrun.perfcollector <> - format: edge config:18 mask:18
123 [139795667871296] INFO perfrun.perfcollector <> - format: filter_isoc config1:63 mask:63
123 [139795667871296] INFO perfrun.perfcollector <> - format: filter_tid config1:0-5 mask:0-5
123 [139795667871296] INFO perfrun.perfcollector <> - format: filter_nid config1:32-47 mask:32-47
123 [139795667871296] INFO perfrun.perfcollector <> - format: filter_nc config1:62 mask:62
123 [139795667871296] INFO perfrun.perfcollector <> - format: umask config:8-15 mask:8-15
123 [139795667871296] INFO perfrun.perfcollector <> - format: tid_en config:19 mask:19
123 [139795667871296] INFO perfrun.perfcollector <> - format: thresh config:24-31 mask:24-31
123 [139795667871296] INFO perfrun.perfcollector <> - format: filter_state config1:17-23 mask:17-23
123 [139795667871296] INFO perfrun.perfcollector <> - format: filter_opc config1:52-60 mask:52-60
123 [139795667871296] INFO perfrun.perfcollector <> - hwInfo: PERF_CBOX_PMU_DETAILS
123 [139795667871296] INFO perfrun.perfcollector <> - pmu added: family: uncore_cbox, id: 5
123 [139795667871296] INFO perfrun.perfcollector <> - dir found: /sys/bus/event_source/devices/uncore_imc_0
123 [139795667871296] INFO perfrun.perfcollector <> - format: event config:0-7 mask:0-7
123 [139795667871296] INFO perfrun.perfcollector <> - format: edge config:18 mask:18
123 [139795667871296] INFO perfrun.perfcollector <> - format: inv config:23 mask:23
123 [139795667871296] INFO perfrun.perfcollector <> - format: umask config:8-15 mask:8-15
123 [139795667871296] INFO perfrun.perfcollector <> - format: thresh config:24-31 mask:24-31
123 [139795667871296] INFO perfrun.perfcollector <> - hwInfo: PERF_IMC_PMU_DETAILS
123 [139795667871296] INFO perfrun.perfcollector <> - pmu added: family: uncore_imc, id: 0
123 [139795667871296] INFO perfrun.perfcollector <> - dir found: /sys/bus/event_source/devices/uncore_pcu
123 [139795667871296] INFO perfrun.perfcollector <> - format: filter_band2 config1:16-23 mask:16-23
123 [139795667871296] INFO perfrun.perfcollector <> - format: event config:0-7 mask:0-7
123 [139795667871296] INFO perfrun.perfcollector <> - format: filter_band0 config1:0-7 mask:0-7
123 [139795667871296] INFO perfrun.perfcollector <> - format: edge config:18 mask:18
123 [139795667871296] INFO perfrun.perfcollector <> - format: occ_invert config:30 mask:30
123 [139795667871296] INFO perfrun.perfcollector <> - format: occ_edge config:14-51 mask:14-51
123 [139795667871296] INFO perfrun.perfcollector <> - format: filter_band3 config1:24-31 mask:24-31
123 [139795667871296] INFO perfrun.perfcollector <> - format: filter_band1 config1:8-15 mask:8-15
123 [139795667871296] INFO perfrun.perfcollector <> - format: inv config:23 mask:23
123 [139795667871296] INFO perfrun.perfcollector <> - format: thresh config:24-28 mask:24-28
123 [139795667871296] INFO perfrun.perfcollector <> - format: occ_sel config:14-15 mask:14-15
123 [139795667871296] INFO perfrun.perfcollector <> - hwInfo: not set, pmuFam: uncore_pcu
123 [139795667871296] INFO perfrun.perfcollector <> - pmu added: family: uncore_pcu, id: 0
123 [139795667871296] INFO perfrun.perfcollector <> - dir found: /sys/bus/event_source/devices/uncore_r3qpi_1
123 [139795667871296] INFO perfrun.perfcollector <> - format: event config:0-7 mask:0-7
123 [139795667871296] INFO perfrun.perfcollector <> - format: edge config:18 mask:18
123 [139795667871296] INFO perfrun.perfcollector <> - format: inv config:23 mask:23
123 [139795667871296] INFO perfrun.perfcollector <> - format: umask config:8-15 mask:8-15
123 [139795667871296] INFO perfrun.perfcollector <> - format: thresh config:24-31 mask:24-31
123 [139795667871296] INFO perfrun.perfcollector <> - hwInfo: not set, pmuFam: uncore_r3qpi
124 [139795667871296] INFO perfrun.perfcollector <> - pmu added: family: uncore_r3qpi, id: 1
124 [139795667871296] INFO perfrun.perfcollector <> - dir found: /sys/bus/event_source/devices/msr
124 [139795667871296] INFO perfrun.perfcollector <> - format: event config:0-63 mask:0-63
124 [139795667871296] INFO perfrun.perfcollector <> - hwInfo: not set, pmuFam: msr
124 [139795667871296] INFO perfrun.perfcollector <> - pmu added: family: msr, id: 0
124 [139795667871296] INFO perfrun.perfcollector <> - dir found: /sys/bus/event_source/devices/uncore_cbox_3
124 [139795667871296] INFO perfrun.perfcollector <> - format: event config:0-7 mask:0-7
124 [139795667871296] INFO perfrun.perfcollector <> - format: filter_link config1:6-8 mask:6-8
124 [139795667871296] INFO perfrun.perfcollector <> - format: filter_c6 config1:61 mask:61
124 [139795667871296] INFO perfrun.perfcollector <> - format: edge config:18 mask:18
124 [139795667871296] INFO perfrun.perfcollector <> - format: filter_isoc config1:63 mask:63
124 [139795667871296] INFO perfrun.perfcollector <> - format: filter_tid config1:0-5 mask:0-5
124 [139795667871296] INFO perfrun.perfcollector <> - format: filter_nid config1:32-47 mask:32-47
124 [139795667871296] INFO perfrun.perfcollector <> - format: filter_nc config1:62 mask:62
124 [139795667871296] INFO perfrun.perfcollector <> - format: umask config:8-15 mask:8-15
124 [139795667871296] INFO perfrun.perfcollector <> - format: tid_en config:19 mask:19
124 [139795667871296] INFO perfrun.perfcollector <> - format: thresh config:24-31 mask:24-31
124 [139795667871296] INFO perfrun.perfcollector <> - format: filter_state config1:17-23 mask:17-23
124 [139795667871296] INFO perfrun.perfcollector <> - format: filter_opc config1:52-60 mask:52-60
124 [139795667871296] INFO perfrun.perfcollector <> - hwInfo: PERF_CBOX_PMU_DETAILS
124 [139795667871296] INFO perfrun.perfcollector <> - pmu added: family: uncore_cbox, id: 3
124 [139795667871296] INFO perfrun.perfcollector <> - dir found: /sys/bus/event_source/devices/uncore_cbox_1
124 [139795667871296] INFO perfrun.perfcollector <> - format: event config:0-7 mask:0-7
124 [139795667871296] INFO perfrun.perfcollector <> - format: filter_link config1:6-8 mask:6-8
124 [139795667871296] INFO perfrun.perfcollector <> - format: filter_c6 config1:61 mask:61
124 [139795667871296] INFO perfrun.perfcollector <> - format: edge config:18 mask:18
124 [139795667871296] INFO perfrun.perfcollector <> - format: filter_isoc config1:63 mask:63
124 [139795667871296] INFO perfrun.perfcollector <> - format: filter_tid config1:0-5 mask:0-5
124 [139795667871296] INFO perfrun.perfcollector <> - format: filter_nid config1:32-47 mask:32-47
124 [139795667871296] INFO perfrun.perfcollector <> - format: filter_nc config1:62 mask:62
124 [139795667871296] INFO perfrun.perfcollector <> - format: umask config:8-15 mask:8-15
124 [139795667871296] INFO perfrun.perfcollector <> - format: tid_en config:19 mask:19
124 [139795667871296] INFO perfrun.perfcollector <> - format: thresh config:24-31 mask:24-31
124 [139795667871296] INFO perfrun.perfcollector <> - format: filter_state config1:17-23 mask:17-23
124 [139795667871296] INFO perfrun.perfcollector <> - format: filter_opc config1:52-60 mask:52-60
124 [139795667871296] INFO perfrun.perfcollector <> - hwInfo: PERF_CBOX_PMU_DETAILS
124 [139795667871296] INFO perfrun.perfcollector <> - pmu added: family: uncore_cbox, id: 1
124 [139795667871296] WARN perfrun.launcher <> - Messenger::say: Only user space will be profiled due to credentials lack. Consider changing /proc/sys/kernel/perf_event_paranoid file for enabling kernel space profiling.
124 [139795667871296] INFO perfrun.sdk <> - runCmd: /opt/intel/oneapi/vtune/2024.0/bin64/sep -dry-run -sam 1 -ec CPU_CLK_UNHALTED.THREAD,CPU_CLK_UNHALTED.REF_TSC:sample:sa=2600000,INST_RETIRED.ANY:sample:sa=2600000,CPU_CLK_UNHALTED.REF_XCLK,CPU_CLK_UNHALTED.ONE_THREAD_ACTIVE,UOPS_RETIRED.RETIRE_SLOTS:sample:sa=2000003 -experimental
125 [139795667871296] INFO perfrun.sdk <> - runCmd started PID 2750157
142 [139795667871296] INFO perfrun.perfcollector <> - SepDryRun RC = true
157 [139795667871296] INFO perfrun.perfcollector <> - DRY_RUN: "PMU type: Core (core)"
157 [139795667871296] INFO perfrun.perfcollector <> - pmu type: cpu
157 [139795667871296] INFO perfrun.perfcollector <> - DRY_RUN: "Group 0:"
157 [139795667871296] INFO perfrun.perfcollector <> - id: 0
157 [139795667871296] INFO perfrun.perfcollector <> - DRY_RUN: "INST_RETIRED.ANY: event id 2"
157 [139795667871296] INFO perfrun.perfcollector <> - eventName: INST_RETIRED.ANY, eventId: 2
157 [139795667871296] INFO perfrun.perfcollector <> - DRY_RUN: "CPU_CLK_UNHALTED.THREAD: event id 0"
157 [139795667871296] INFO perfrun.perfcollector <> - eventName: CPU_CLK_UNHALTED.THREAD, eventId: 0
157 [139795667871296] INFO perfrun.perfcollector <> - DRY_RUN: "CPU_CLK_UNHALTED.REF_TSC: event id 1"
157 [139795667871296] INFO perfrun.perfcollector <> - eventName: CPU_CLK_UNHALTED.REF_TSC, eventId: 1
157 [139795667871296] INFO perfrun.perfcollector <> - DRY_RUN: "CPU_CLK_UNHALTED.REF_XCLK: event id 3"
157 [139795667871296] INFO perfrun.perfcollector <> - eventName: CPU_CLK_UNHALTED.REF_XCLK, eventId: 3
157 [139795667871296] INFO perfrun.perfcollector <> - DRY_RUN: "CPU_CLK_UNHALTED.ONE_THREAD_ACTIVE: event id 4"
157 [139795667871296] INFO perfrun.perfcollector <> - eventName: CPU_CLK_UNHALTED.ONE_THREAD_ACTIVE, eventId: 4
157 [139795667871296] INFO perfrun.perfcollector <> - DRY_RUN: "UOPS_RETIRED.RETIRE_SLOTS: event id 5"
157 [139795667871296] INFO perfrun.perfcollector <> - eventName: UOPS_RETIRED.RETIRE_SLOTS, eventId: 5
157 [139795667871296] INFO perfrun.perfcollector <> - DRY_RUN: "CCCR"
157 [139795667871296] INFO perfrun.perfcollector <> - DRY_RUN: "reg_type       = 1	event_id       = g	reg_id         = 38f	reg_value      = 700000007"
157 [139795667871296] INFO perfrun.perfcollector <> - eventId: g, skip parsing event_id
157 [139795667871296] INFO perfrun.perfcollector <> - Register was ignored: group_id: 0, reg_type: 1, event_id: 4294967295, reg_id: 38f, reg_value: 700000007, pmu_name: cpu
157 [139795667871296] INFO perfrun.perfcollector <> - DRY_RUN: "reg_type       = 1	event_id       = g	reg_id         = 390	reg_value      = 700000007"
157 [139795667871296] INFO perfrun.perfcollector <> - eventId: g, skip parsing event_id
157 [139795667871296] INFO perfrun.perfcollector <> - Register was ignored: group_id: 0, reg_type: 1, event_id: 4294967295, reg_id: 390, reg_value: 700000007, pmu_name: cpu
157 [139795667871296] INFO perfrun.perfcollector <> - DRY_RUN: "reg_type       = 1	event_id       = g	reg_id         = 3f1	reg_value      = 0"
157 [139795667871296] INFO perfrun.perfcollector <> - eventId: g, skip parsing event_id
157 [139795667871296] INFO perfrun.perfcollector <> - Register was ignored: group_id: 0, reg_type: 1, event_id: 4294967295, reg_id: 3f1, reg_value: 0, pmu_name: cpu
158 [139795667871296] INFO perfrun.perfcollector <> - DRY_RUN: "reg_type       = 1	event_id       = g	reg_id         = 1d9	reg_value      = 1800"
158 [139795667871296] INFO perfrun.perfcollector <> - eventId: g, skip parsing event_id
158 [139795667871296] INFO perfrun.perfcollector <> - Register was ignored: group_id: 0, reg_type: 1, event_id: 4294967295, reg_id: 1d9, reg_value: 1800, pmu_name: cpu
158 [139795667871296] INFO perfrun.perfcollector <> - DRY_RUN: "reg_type       = 1	event_id       = g	reg_id         = 38d	reg_value      = bbb"
158 [139795667871296] INFO perfrun.perfcollector <> - eventId: g, skip parsing event_id
158 [139795667871296] INFO perfrun.perfcollector <> - Register was ignored: group_id: 0, reg_type: 1, event_id: 4294967295, reg_id: 38d, reg_value: bbb, pmu_name: cpu
158 [139795667871296] INFO perfrun.perfcollector <> - DRY_RUN: "reg_type       = 1	event_id       = 3	reg_id         = 186	reg_value      = 53013c"
158 [139795667871296] INFO perfrun.perfcollector <> - Event selector: group_id: 0, reg_type: 1, event_id: 3, reg_id: 186, reg_value: 53013c, pmu_name: cpu
158 [139795667871296] INFO perfrun.perfcollector <> - DRY_RUN: "reg_type       = 1	event_id       = 4	reg_id         = 187	reg_value      = 53023c"
158 [139795667871296] INFO perfrun.perfcollector <> - Event selector: group_id: 0, reg_type: 1, event_id: 4, reg_id: 187, reg_value: 53023c, pmu_name: cpu
158 [139795667871296] INFO perfrun.perfcollector <> - DRY_RUN: "reg_type       = 1	event_id       = 5	reg_id         = 188	reg_value      = 5302c2"
158 [139795667871296] INFO perfrun.perfcollector <> - Event selector: group_id: 0, reg_type: 1, event_id: 5, reg_id: 188, reg_value: 5302c2, pmu_name: cpu
158 [139795667871296] INFO perfrun.perfcollector <> - DRY_RUN: "ESCR"
158 [139795667871296] INFO perfrun.perfcollector <> - DRY_RUN: "reg_type       = 2	event_id       = g	reg_id         = 1c8	reg_value      = 0"
158 [139795667871296] INFO perfrun.perfcollector <> - eventId: g, skip parsing event_id
158 [139795667871296] INFO perfrun.perfcollector <> - DRY_RUN: "DATA"
158 [139795667871296] INFO perfrun.perfcollector <> - DRY_RUN: "reg_type       = 4	event_id       = 2	reg_id         = 309	reg_value      = ffffffd853c0"
158 [139795667871296] INFO perfrun.perfcollector <> - eventId: 2, dataAddr: 309, dataVal: ffffffd853c0
158 [139795667871296] INFO perfrun.perfcollector <> - DRY_RUN: "reg_type       = 4	event_id       = 0	reg_id         = 30a	reg_value      = ffffffe17b7d"
158 [139795667871296] INFO perfrun.perfcollector <> - eventId: 0, dataAddr: 30a, dataVal: ffffffe17b7d
158 [139795667871296] INFO perfrun.perfcollector <> - DRY_RUN: "reg_type       = 4	event_id       = 1	reg_id         = 30b	reg_value      = ffffffd853c0"
158 [139795667871296] INFO perfrun.perfcollector <> - eventId: 1, dataAddr: 30b, dataVal: ffffffd853c0
158 [139795667871296] INFO perfrun.perfcollector <> - DRY_RUN: "reg_type       = 4	event_id       = 3	reg_id         = c1	reg_value      = fffffffe795d"
158 [139795667871296] INFO perfrun.perfcollector <> - eventId: 3, dataAddr: c1, dataVal: fffffffe795d
158 [139795667871296] INFO perfrun.perfcollector <> - DRY_RUN: "reg_type       = 4	event_id       = 4	reg_id         = c2	reg_value      = fffffffe795d"
158 [139795667871296] INFO perfrun.perfcollector <> - eventId: 4, dataAddr: c2, dataVal: fffffffe795d
158 [139795667871296] INFO perfrun.perfcollector <> - DRY_RUN: "reg_type       = 4	event_id       = 5	reg_id         = c3	reg_value      = ffffffe17b7d"
158 [139795667871296] INFO perfrun.perfcollector <> - eventId: 5, dataAddr: c3, dataVal: ffffffe17b7d
158 [139795667871296] INFO perfrun.perfcollector <> - event name: CPU_CLK_UNHALTED.THREAD
158 [139795667871296] INFO perfrun.perfcollector <> - pmu config: cpu
158 [139795667871296] INFO perfrun.perfcollector <> - cccrAddr: ffffffff, cccrValue: 0
158 [139795667871296] INFO perfrun.perfcollector <> - dataAddr: 30a, dataValue: ffffffffffe17b7d
158 [139795667871296] INFO perfrun.perfcollector <> - escrAddr: ffffffff, escrValue: 0
158 [139795667871296] INFO perfrun.perfcollector <> - extendedPebsValue: 0
158 [139795667871296] INFO perfrun.perfcollector <> - adaptivePebsAvailable: 0
158 [139795667871296] INFO perfrun.perfcollector <> - config: event: 3c
158 [139795667871296] INFO perfrun.perfcollector <> - config: pc: 0
158 [139795667871296] INFO perfrun.perfcollector <> - config: edge: 0
158 [139795667871296] INFO perfrun.perfcollector <> - config: any: 0
158 [139795667871296] INFO perfrun.perfcollector <> - config1: offcore_rsp: 0
158 [139795667871296] INFO perfrun.perfcollector <> - config1: ldlat: 0
158 [139795667871296] INFO perfrun.perfcollector <> - config: inv: 0
158 [139795667871296] INFO perfrun.perfcollector <> - config: umask: 0
158 [139795667871296] INFO perfrun.perfcollector <> - config: cmask: 0
158 [139795667871296] INFO perfrun.perfcollector <> - format: cpu/event=0x3c,name='CPU_CLK_UNHALTED.THREAD'/D
158 [139795667871296] INFO perfrun.perfcollector <> - event name: CPU_CLK_UNHALTED.REF_TSC
158 [139795667871296] INFO perfrun.perfcollector <> - pmu config: cpu
158 [139795667871296] INFO perfrun.perfcollector <> - cccrAddr: ffffffff, cccrValue: 0
158 [139795667871296] INFO perfrun.perfcollector <> - dataAddr: 30b, dataValue: ffffffffffd853c0
158 [139795667871296] INFO perfrun.perfcollector <> - escrAddr: ffffffff, escrValue: 0
158 [139795667871296] INFO perfrun.perfcollector <> - extendedPebsValue: 0
158 [139795667871296] INFO perfrun.perfcollector <> - adaptivePebsAvailable: 0
158 [139795667871296] INFO perfrun.perfcollector <> - config: event: 0
158 [139795667871296] INFO perfrun.perfcollector <> - config: pc: 0
158 [139795667871296] INFO perfrun.perfcollector <> - config: edge: 0
158 [139795667871296] INFO perfrun.perfcollector <> - config: any: 0
158 [139795667871296] INFO perfrun.perfcollector <> - config1: offcore_rsp: 0
158 [139795667871296] INFO perfrun.perfcollector <> - config1: ldlat: 0
158 [139795667871296] INFO perfrun.perfcollector <> - config: inv: 0
158 [139795667871296] INFO perfrun.perfcollector <> - config: umask: 3
158 [139795667871296] INFO perfrun.perfcollector <> - config: cmask: 0
158 [139795667871296] INFO perfrun.perfcollector <> - format: cpu/umask=0x3,name='CPU_CLK_UNHALTED.REF_TSC'/D
158 [139795667871296] INFO perfrun.perfcollector <> - event name: INST_RETIRED.ANY
158 [139795667871296] INFO perfrun.perfcollector <> - pmu config: cpu
158 [139795667871296] INFO perfrun.perfcollector <> - cccrAddr: ffffffff, cccrValue: 0
158 [139795667871296] INFO perfrun.perfcollector <> - dataAddr: 309, dataValue: ffffffffffd853c0
158 [139795667871296] INFO perfrun.perfcollector <> - escrAddr: ffffffff, escrValue: 0
158 [139795667871296] INFO perfrun.perfcollector <> - extendedPebsValue: 0
158 [139795667871296] INFO perfrun.perfcollector <> - adaptivePebsAvailable: 0
158 [139795667871296] INFO perfrun.perfcollector <> - config: event: c0
158 [139795667871296] INFO perfrun.perfcollector <> - config: pc: 0
158 [139795667871296] INFO perfrun.perfcollector <> - config: edge: 0
158 [139795667871296] INFO perfrun.perfcollector <> - config: any: 0
158 [139795667871296] INFO perfrun.perfcollector <> - config1: offcore_rsp: 0
158 [139795667871296] INFO perfrun.perfcollector <> - config1: ldlat: 0
158 [139795667871296] INFO perfrun.perfcollector <> - config: inv: 0
158 [139795667871296] INFO perfrun.perfcollector <> - config: umask: 0
158 [139795667871296] INFO perfrun.perfcollector <> - config: cmask: 0
158 [139795667871296] INFO perfrun.perfcollector <> - format: cpu/event=0xc0,name='INST_RETIRED.ANY'/D
158 [139795667871296] INFO perfrun.perfcollector <> - event name: CPU_CLK_UNHALTED.REF_XCLK
158 [139795667871296] INFO perfrun.perfcollector <> - pmu config: cpu
158 [139795667871296] INFO perfrun.perfcollector <> - cccrAddr: 186, cccrValue: 53013c
158 [139795667871296] INFO perfrun.perfcollector <> - dataAddr: c1, dataValue: fffffffffffe795d
158 [139795667871296] INFO perfrun.perfcollector <> - escrAddr: ffffffff, escrValue: 0
158 [139795667871296] INFO perfrun.perfcollector <> - extendedPebsValue: 0
158 [139795667871296] INFO perfrun.perfcollector <> - adaptivePebsAvailable: 0
158 [139795667871296] INFO perfrun.perfcollector <> - config: event: 3c
158 [139795667871296] INFO perfrun.perfcollector <> - config: pc: 0
158 [139795667871296] INFO perfrun.perfcollector <> - config: edge: 0
158 [139795667871296] INFO perfrun.perfcollector <> - config: any: 0
158 [139795667871296] INFO perfrun.perfcollector <> - config1: offcore_rsp: 0
158 [139795667871296] INFO perfrun.perfcollector <> - config1: ldlat: 0
158 [139795667871296] INFO perfrun.perfcollector <> - config: inv: 0
158 [139795667871296] INFO perfrun.perfcollector <> - config: umask: 1
158 [139795667871296] INFO perfrun.perfcollector <> - config: cmask: 0
158 [139795667871296] INFO perfrun.perfcollector <> - format: cpu/event=0x3c,umask=0x1,name='CPU_CLK_UNHALTED.REF_XCLK'/
158 [139795667871296] INFO perfrun.perfcollector <> - event name: CPU_CLK_UNHALTED.ONE_THREAD_ACTIVE
158 [139795667871296] INFO perfrun.perfcollector <> - pmu config: cpu
158 [139795667871296] INFO perfrun.perfcollector <> - cccrAddr: 187, cccrValue: 53023c
158 [139795667871296] INFO perfrun.perfcollector <> - dataAddr: c2, dataValue: fffffffffffe795d
158 [139795667871296] INFO perfrun.perfcollector <> - escrAddr: ffffffff, escrValue: 0
158 [139795667871296] INFO perfrun.perfcollector <> - extendedPebsValue: 0
158 [139795667871296] INFO perfrun.perfcollector <> - adaptivePebsAvailable: 0
158 [139795667871296] INFO perfrun.perfcollector <> - config: event: 3c
158 [139795667871296] INFO perfrun.perfcollector <> - config: pc: 0
158 [139795667871296] INFO perfrun.perfcollector <> - config: edge: 0
158 [139795667871296] INFO perfrun.perfcollector <> - config: any: 0
158 [139795667871296] INFO perfrun.perfcollector <> - config1: offcore_rsp: 0
158 [139795667871296] INFO perfrun.perfcollector <> - config1: ldlat: 0
158 [139795667871296] INFO perfrun.perfcollector <> - config: inv: 0
158 [139795667871296] INFO perfrun.perfcollector <> - config: umask: 2
158 [139795667871296] INFO perfrun.perfcollector <> - config: cmask: 0
158 [139795667871296] INFO perfrun.perfcollector <> - format: cpu/event=0x3c,umask=0x2,name='CPU_CLK_UNHALTED.ONE_THREAD_ACTIVE'/
158 [139795667871296] INFO perfrun.perfcollector <> - event name: UOPS_RETIRED.RETIRE_SLOTS
158 [139795667871296] INFO perfrun.perfcollector <> - pmu config: cpu
158 [139795667871296] INFO perfrun.perfcollector <> - cccrAddr: 188, cccrValue: 5302c2
158 [139795667871296] INFO perfrun.perfcollector <> - dataAddr: c3, dataValue: ffffffffffe17b7d
158 [139795667871296] INFO perfrun.perfcollector <> - escrAddr: ffffffff, escrValue: 0
158 [139795667871296] INFO perfrun.perfcollector <> - extendedPebsValue: 0
158 [139795667871296] INFO perfrun.perfcollector <> - adaptivePebsAvailable: 0
158 [139795667871296] INFO perfrun.perfcollector <> - config: event: c2
158 [139795667871296] INFO perfrun.perfcollector <> - config: pc: 0
158 [139795667871296] INFO perfrun.perfcollector <> - config: edge: 0
158 [139795667871296] INFO perfrun.perfcollector <> - config: any: 0
158 [139795667871296] INFO perfrun.perfcollector <> - config1: offcore_rsp: 0
158 [139795667871296] INFO perfrun.perfcollector <> - config1: ldlat: 0
158 [139795667871296] INFO perfrun.perfcollector <> - config: inv: 0
158 [139795667871296] INFO perfrun.perfcollector <> - config: umask: 2
158 [139795667871296] INFO perfrun.perfcollector <> - config: cmask: 0
158 [139795667871296] INFO perfrun.perfcollector <> - format: cpu/event=0xc2,umask=0x2,name='UOPS_RETIRED.RETIRE_SLOTS'/
158 [139795667871296] INFO perfrun.perfcollector <> - event: cpu/event=0x3c,name='CPU_CLK_UNHALTED.THREAD'/Du, added for counting
158 [139795667871296] INFO perfrun.perfcollector <> - event: cpu/umask=0x3,name='CPU_CLK_UNHALTED.REF_TSC'/Du, added for counting
158 [139795667871296] INFO perfrun.perfcollector <> - event: cpu/event=0xc0,name='INST_RETIRED.ANY'/Du, added for counting
158 [139795667871296] INFO perfrun.perfcollector <> - event: cpu/event=0x3c,umask=0x1,name='CPU_CLK_UNHALTED.REF_XCLK'/u, added for counting
158 [139795667871296] INFO perfrun.perfcollector <> - event: cpu/event=0x3c,umask=0x2,name='CPU_CLK_UNHALTED.ONE_THREAD_ACTIVE'/u, added for counting
158 [139795667871296] INFO perfrun.perfcollector <> - event: cpu/event=0xc2,umask=0x2,name='UOPS_RETIRED.RETIRE_SLOTS'/u, added for counting
158 [139795667871296] INFO perfrun.perfcollector <> - attaching to pid: 4294967295, collect mode: 1, rc modes: 3
158 [139795649254976] WARN perfrun.perfcollector <> - Perf stat trace pipe capacity: read = 1048576, write = 1048576, at file: vcs/perfrun1/plugins/perfcollector/src/profiler.cpp:765
159 [139795649254976] INFO perfrun.sdk <> - runCmd: /opt/intel/oneapi/vtune/2024.0/bin64/amplxe-perf stat -v --log-fd 12 --scale -x ; -e cpu/event=0x3c,name='CPU_CLK_UNHALTED.THREAD'/Du,cpu/umask=0x3,name='CPU_CLK_UNHALTED.REF_TSC'/Du,cpu/event=0xc0,name='INST_RETIRED.ANY'/Du,cpu/event=0x3c,umask=0x1,name='CPU_CLK_UNHALTED.REF_XCLK'/u,cpu/event=0x3c,umask=0x2,name='CPU_CLK_UNHALTED.ONE_THREAD_ACTIVE'/u,cpu/event=0xc2,umask=0x2,name='UOPS_RETIRED.RETIRE_SLOTS'/u /opt/intel/oneapi/vtune/2024.0/bin64/amplxe-perf-sync dryrun sys
160 [139795649254976] INFO perfrun.sdk <> - runCmd started PID 2750161
215 [139795649254976] INFO perfrun.perfcollector <> - Monitor: runCmd RC = true
215 [139795667871296] INFO perfrun.launcher <> - plugin [aoclprofile] was disabled because it doesn't support the given collection type.
215 [139795667871296] INFO perfrun.tpss <> - initialize tpss controller
216 [139795667871296] INFO perfrun.tpss <> - configure collection mode: value = cpu:counters:nostack
216 [139795667871296] INFO perfrun.tpss <> - configure collection mode: value = cpu:stack
216 [139795667871296] INFO perfrun.tpss <> - default obj-size-min=1024
216 [139795667871296] INFO perfrun.tpss <> - default hash-table-size=0
216 [139795667871296] INFO perfrun.launcher <> - plugin [media] was disabled because it doesn't support the given collection type.
216 [139795667871296] INFO perfrun.launcher <> - plugin [] was disabled because it doesn't support the given collection type.
216 [139795667871296] INFO perfrun.launcher <> - plugin [] was disabled because it doesn't support the given collection type.
216 [139795667871296] INFO perfrun.launcher <> - plugin [parallelfs] was disabled because it doesn't support the given collection type.
216 [139795667871296] INFO perfrun.launcher <> - plugin [power] was disabled because it doesn't support the given collection type.
216 [139795667871296] INFO perfrun.launcher <> - plugin [] was disabled because it doesn't support the given collection type.
216 [139795667871296] INFO perfrun.launcher <> - plugin [ipmwatch] was disabled because it doesn't support the given collection type.
216 [139795667871296] INFO perfrun.launcher <> - plugin [os_counters] was disabled because it doesn't support the given collection type.
216 [139795667871296] INFO perfrun.launcher <> - plugin [l0_metrics] was disabled because it doesn't support the given collection type.
216 [139795816646080] INFO perfrun.launcher <> - set environment variable: LD_LIBRARY_PATH = /opt/intel/oneapi/vtune/2024.0/lib32/runtime:/opt/intel/oneapi/vtune/2024.0/lib64/runtime:/.singularity.d/libs
216 [139795816646080] INFO perfrun.launcher <> - set environment variable: INTEL_LIBITTNOTIFY32 = /opt/intel/oneapi/vtune/2024.0/lib32/runtime/libittnotify_collector.so
216 [139795816646080] INFO perfrun.launcher <> - set environment variable: INTEL_LIBITTNOTIFY64 = /opt/intel/oneapi/vtune/2024.0/lib64/runtime/libittnotify_collector.so
216 [139795816646080] INFO perfrun.launcher <> - set environment variable: INTEL_ITTNOTIFY_GROUPS = 
216 [139795816646080] INFO perfrun.launcher <> - set environment variable: INTEL_JIT_PROFILER32 = /opt/intel/oneapi/vtune/2024.0/lib32/runtime/libittnotify_collector.so
216 [139795816646080] INFO perfrun.launcher <> - set environment variable: INTEL_JIT_PROFILER64 = /opt/intel/oneapi/vtune/2024.0/lib64/runtime/libittnotify_collector.so
216 [139795816646080] INFO perfrun.launcher <> - set environment variable: ENABLE_JITPROFILING = 1
216 [139795816646080] INFO perfrun.launcher <> - set environment variable: CL_CONFIG_USE_VTUNE = True
216 [139795816646080] INFO perfrun.launcher <> - set environment variable: LD_PRELOAD = libittnotify_collector.so:
216 [139795816646080] INFO perfrun.launcher <> - set environment variable: KMP_FORKJOIN_FRAMES = 0
216 [139795816646080] INFO perfrun.launcher <> - set environment variable: KMP_FORKJOIN_FRAMES_MODE = 0
216 [139795816646080] INFO perfrun.launcher <> - set environment variable: INTEL_MRTE_DATA_DIR = /tmp/amplxe-tmp-alexandra_ana.ion/amplxe-res-2750153-262228840501279688/data.0
216 [139795816646080] INFO perfrun.launcher <> - set environment variable: INTEL_MRTE_HOST_NAME = haswell-wn30.grid.pub.ro
216 [139795816646080] INFO perfrun.launcher <> - set environment variable: JAVA_TOOL_OPTIONS = -agentlib:amplxe_tpssmrte_javaprof_1.0 -Dsun.boot.library.path=/opt/intel/oneapi/vtune/2024.0/lib32/runtime:/opt/intel/oneapi/vtune/2024.0/lib64/runtime
216 [139795816646080] INFO perfrun.launcher <> - set environment variable: LD_LIBRARY_PATH = /opt/intel/oneapi/vtune/2024.0/lib32/runtime:/opt/intel/oneapi/vtune/2024.0/lib64/runtime:/.singularity.d/libs
216 [139795816646080] INFO perfrun.launcher <> - set environment variable: CORECLR_ENABLE_PROFILING = 1
216 [139795816646080] INFO perfrun.launcher <> - set environment variable: CORECLR_PROFILER = {AA5E4821-E3B1-479c-B7FF-5AD047D22CED}
216 [139795816646080] INFO perfrun.launcher <> - set environment variable: CORECLR_PROFILER_PATH = /opt/intel/oneapi/vtune/2024.0/lib64/libamplxe_samplingmrte_clrprof_1.0.so
216 [139795816646080] INFO perfrun.launcher <> - set environment variable: INTEL_MRTE_PROFILER_MODE = mixed
216 [139795816646080] INFO perfrun.launcher <> - RpcServer: run RPC server to handle requests
217 [139795816646080] INFO perfrun.launcher <> - Launcher: command line to start before modification = ./game_of_life input_10000_x_20000.txt 16
217 [139795816646080] INFO perfrun.launcher <> - Launcher: command line to start after modification = /opt/intel/oneapi/vtune/2024.0/bin64/pin -error_file /tmp/amplxe-tmp-alexandra_ana.ion/amplxe-res-2750153-262228840501279688/data.0/pinerr.tpsslog -detach_reattach -follow_execv -tool_load_option deepbind -t64 /opt/intel/oneapi/vtune/2024.0/lib64/libtpsstool.so -t /opt/intel/oneapi/vtune/2024.0/lib32/libtpsstool.so -server_name tpss_ipc.2750153 -prd_dir /opt/intel/oneapi/vtune/2024.0 -- ./game_of_life input_10000_x_20000.txt 16
217 [139795816646080] INFO perfrun.launcher <> - ProcessCreator object was created
218 [139795816646080] INFO perfrun.launcher <> - Launcher: the process was started in suspend mode
221 [139795667871296] WARN perfrun.system <> - Could not do anything with /sys/kernel/debug/kvm: boost::filesystem::status: Permission denied: "/sys/kernel/debug/kvm", at file: vcs/perfrun1/plugins/system/src/trace_writer.cpp:787
221 [139795667871296] WARN perfrun.system <> - Folder "/var/run/libvirt/qemu/"doesn't exist, at file: vcs/perfrun1/plugins/system/src/trace_writer.cpp:800
224 [139795667871296] WARN perfrun.sdk <> - Failed to find xl binary on any of the system paths: /bin, /sbin, /usr/bin, /usr/sbin., at file: vcs/perfrun1/sdk/src/utils.cpp:204
224 [139795667871296] WARN perfrun.system <> - Could not start ContainerMapping collector, at file: vcs/perfrun1/plugins/system/src/controller.cpp:448
227 [139795667871296] INFO perfrun.vdso <> - Helper runtool '/opt/intel/oneapi/vtune/2024.0/bin32/amplxe-runss -dump-vdso -r /tmp/amplxe-tmp-alexandra_ana.ion/amplxe-res-2750153-262228840501279688 --tmp-dir /tmp/amplxe-tmp-alexandra_ana.ion' returned 1
342 [139795667871296] INFO perfrun.vdso <> - Helper runtool '/opt/intel/oneapi/vtune/2024.0/bin64/amplxe-runss -dump-vdso -r /tmp/amplxe-tmp-alexandra_ana.ion/amplxe-res-2750153-262228840501279688 --tmp-dir /tmp/amplxe-tmp-alexandra_ana.ion' returned 0
342 [139795667871296] INFO perfrun.itt <> - start itt controller for pid #2750164
343 [139795667871296] INFO perfrun.perfcollector <> - attaching to pid: 2750164, collect mode: 1, rc modes: 1
343 [139795624076864] WARN perfrun.perfcollector <> - Perf stat trace pipe capacity: read = 1048576, write = 1048576, at file: vcs/perfrun1/plugins/perfcollector/src/profiler.cpp:765
344 [139795624076864] INFO perfrun.sdk <> - runCmd: /opt/intel/oneapi/vtune/2024.0/bin64/amplxe-perf stat -v --log-fd 23 --control=fd:24,27 --scale -x ; -p 2750164 -e cpu/event=0x3c,name='CPU_CLK_UNHALTED.THREAD'/Du,cpu/umask=0x3,name='CPU_CLK_UNHALTED.REF_TSC'/Du,cpu/event=0xc0,name='INST_RETIRED.ANY'/Du,cpu/event=0x3c,umask=0x1,name='CPU_CLK_UNHALTED.REF_XCLK'/u,cpu/event=0x3c,umask=0x2,name='CPU_CLK_UNHALTED.ONE_THREAD_ACTIVE'/u,cpu/event=0xc2,umask=0x2,name='UOPS_RETIRED.RETIRE_SLOTS'/u /opt/intel/oneapi/vtune/2024.0/bin64/amplxe-perf-sync sync sys
344 [139795624076864] INFO perfrun.sdk <> - runCmd started PID 2750173
389 [139795667871296] INFO perfrun.tpss <> - start tpss controller for pid #2750164
440 [139795816646080] INFO perfrun.launcher <> - Launcher: all plugins were started
440 [139795816646080] INFO perfrun.launcher <> - DirectoryMonitor object was created
440 [139795816646080] INFO perfrun.launcher <> - DirectoryMonitor: a callback was added
440 [139795816646080] INFO perfrun.launcher <> - DirectoryMonitor was started with pingTime = 1000
440 [139795816646080] INFO perfrun.launcher <> - DeadlineTimer is going to be constructed
440 [139795816646080] INFO perfrun.launcher <> - DeadlineTimer: a callback was added
450 [139795816646080] INFO perfrun.launcher <> - Launcher: resume the profiled application and  wait its termination or stop command
14322 [139795816646080] INFO perfrun.launcher <> - Launcher: the profiled application was terminated  with exit code = 0
14327 [139795667871296] INFO perfrun.itt <> - detach itt controller
14327 [139795667871296] INFO perfrun.itt <> - detach itt controller done
14329 [139795624076864] INFO perfrun.perfcollector <> - Monitor: runCmd RC = true
14329 [139795667871296] INFO perfrun.perfcollector <> - Monitor: state = 3, error = 1
14329 [139795667871296] INFO perfrun.tpss <> - stop tpss controller
14329 [139795667871296] INFO perfrun.sdk <> - De-allocating TMU: /tmp/amplxe-tmp-alexandra_ana.ion/amplxe-res-2750153-262228840501279688/data.0/systemcollector-2750153-haswell-wn30.grid.pub.ro.sc
14329 [139795667871296] INFO perfrun.system <> - closed the system trace file: /tmp/amplxe-tmp-alexandra_ana.ion/amplxe-res-2750153-262228840501279688/data.0/systemcollector-2750153-haswell-wn30.grid.pub.ro.sc
14330 [139795816646080] INFO perfrun.launcher <> - Launcher: all plugins were stopped.
14330 [139795816646080] INFO perfrun.launcher <> - DeadlineTimer is going to be destroyed
14330 [139795816646080] INFO perfrun.launcher <> - DeadlineTimer was destroyed
14330 [139795816646080] INFO perfrun.launcher <> - DirectoryMonitor object was destroyed
14330 [139795816646080] WARN perfrun.launcher <> - Stop command is ignored because it is received when collection is already stopped, at file: vcs/perfrun1/launcher/src/command_handler.cpp:226
14379 [139795816646080] INFO perfrun.launcher <> - Application exit code: 0
14379 [139795816646080] INFO perfrun.launcher <> - Exit code: 0
