11 [139797312607680] INFO perfrun.launcher <> - Launcher main begin
12 [139797312607680] INFO perfrun.launcher <> - MessageCatalogInit finished
12 [139797312607680] INFO perfrun.launcher <> - Launcher instance created
12 [139797312607680] INFO perfrun.launcher <> - argc = 7; cmdline = /opt/intel/oneapi/vtune/2024.0/bin64/amplxe-runss --ui-output-format xml --ui-output-fd 5 --option-file /export/home/acs/stud/a/alexandra_ana.ion/sm-conways-game-of-life/src/openmp/result_dir_openmp_16threading.haswell-wn30.grid.pub.ro/config/runss.options 
61 [139797312607680] INFO perfrun.launcher <> - create msngr2::ICliToolContext
61 [139797312607680] INFO perfrun.launcher <> - create file finder object
61 [139797312607680] INFO perfrun.launcher <> - create a result directory: pattern = /export/home/acs/stud/a/alexandra_ana.ion/sm-conways-game-of-life/src/openmp/result_dir_openmp_16threading.haswell-wn30.grid.pub.ro pid = 4294967295
64 [139797312607680] INFO perfrun.sdk <> - checked that the directory /export/home/acs/stud/a/alexandra_ana.ion/sm-conways-game-of-life/src/openmp/result_dir_openmp_16threading.haswell-wn30.grid.pub.ro is a local directory
65 [139797312607680] INFO perfrun.sdk <> - the directory /export/home/acs/stud/a/alexandra_ana.ion/sm-conways-game-of-life/src/openmp/result_dir_openmp_16threading.haswell-wn30.grid.pub.ro is located on a share or its FS ID is unknown 12805120
65 [139797312607680] INFO perfrun.sdk <> - checked that the directory /tmp/amplxe-tmp-alexandra_ana.ion is a local directory
65 [139797312607680] INFO perfrun.sdk <> - the directory /tmp/amplxe-tmp-alexandra_ana.ion is a local directory with FS type ID 61267
65 [139797312607680] INFO perfrun.launcher <> - Create a local result directory /tmp/amplxe-tmp-alexandra_ana.ion/amplxe-res-2752653-262230359722403652 due to the user result path /export/home/acs/stud/a/alexandra_ana.ion/sm-conways-game-of-life/src/openmp/result_dir_openmp_16threading.haswell-wn30.grid.pub.ro is located on a share
65 [139797312607680] INFO perfrun.launcher <> - create data directory = /tmp/amplxe-tmp-alexandra_ana.ion/amplxe-res-2752653-262230359722403652/data.0
65 [139797312607680] INFO perfrun.launcher <> - create data directory = /export/home/acs/stud/a/alexandra_ana.ion/sm-conways-game-of-life/src/openmp/result_dir_openmp_16threading.haswell-wn30.grid.pub.ro/data.0
66 [139797312607680] INFO perfrun.launcher <> - Creating the master collection flag
74 [139797312607680] INFO perfrun.launcher <> - Done creating the master collection flag
88 [139797161043520] INFO perfrun.launcher <> - plugin [remoteplug] was disabled because it doesn't support the given collection type.
89 [139797161043520] INFO perfrun.sdk <> - Allocating TMU :/tmp/amplxe-tmp-alexandra_ana.ion/amplxe-res-2752653-262230359722403652/data.0/systemcollector-2752653-haswell-wn30.grid.pub.ro.sc
89 [139797161043520] INFO perfrun.system <> - Tpss based collection
89 [139797161043520] INFO perfrun.launcher <> - plugin [ptracecollector] was disabled because it doesn't support the given collection type.
89 [139797161043520] INFO perfrun.launcher <> - plugin [gpu] was disabled because it doesn't support the given collection type.
89 [139797161043520] INFO perfrun.launcher <> - plugin [] was disabled because it doesn't support the given collection type.
89 [139797161043520] INFO perfrun.launcher <> - plugin [] was disabled because it doesn't support the given collection type.
89 [139797161043520] INFO perfrun.launcher <> - plugin [] was disabled because it doesn't support the given collection type.
89 [139797161043520] INFO perfrun.mrte <> - system-wide mode is 0
89 [139797161043520] INFO perfrun.mrte <> - Getting  mrte profiling environment ...
99 [139797161043520] INFO perfrun.mrte <> - INTEL_MRTE_DATA_DIR=/tmp/amplxe-tmp-alexandra_ana.ion/amplxe-res-2752653-262230359722403652/data.0
99 [139797161043520] INFO perfrun.mrte <> - INTEL_MRTE_HOST_NAME=haswell-wn30.grid.pub.ro
99 [139797161043520] INFO perfrun.mrte <> - JAVA_TOOL_OPTIONS=-agentlib:amplxe_tpssmrte_javaprof_1.0 -Dsun.boot.library.path=/opt/intel/oneapi/vtune/2024.0/lib32/runtime:/opt/intel/oneapi/vtune/2024.0/lib64/runtime
99 [139797161043520] INFO perfrun.mrte <> - LD_LIBRARY_PATH=/opt/intel/oneapi/vtune/2024.0/lib32/runtime:/opt/intel/oneapi/vtune/2024.0/lib64/runtime:/.singularity.d/libs
99 [139797161043520] INFO perfrun.mrte <> - CORECLR_ENABLE_PROFILING=1
99 [139797161043520] INFO perfrun.mrte <> - CORECLR_PROFILER={AA5E4821-E3B1-479c-B7FF-5AD047D22CED}
99 [139797161043520] INFO perfrun.mrte <> - CORECLR_PROFILER_PATH=/opt/intel/oneapi/vtune/2024.0/lib64/libamplxe_samplingmrte_clrprof_1.0.so
99 [139797161043520] INFO perfrun.mrte <> - INTEL_MRTE_PROFILER_MODE=mixed
99 [139797161043520] INFO perfrun.mrte <> - Data directory: /tmp/amplxe-tmp-alexandra_ana.ion/amplxe-res-2752653-262230359722403652/data.0
99 [139797161043520] INFO perfrun.mrte <> - Mrte plugin is initialized
99 [139797161043520] INFO perfrun.launcher <> - plugin [emon] was disabled because it doesn't support the given collection type.
99 [139797161043520] INFO perfrun.launcher <> - plugin [cuscol] was disabled because it doesn't support the given collection type.
99 [139797161043520] INFO perfrun.launcher <> - plugin [stdsrc] was disabled because it doesn't support the given collection type.
99 [139797161043520] INFO perfrun.launcher <> - plugin [sep] was disabled because it doesn't support the given collection type.
99 [139797161043520] INFO perfrun.launcher <> - plugin [vtsspp] was disabled because it doesn't support the given collection type.
99 [139797161043520] INFO perfrun.launcher <> - plugin [perf] was disabled because it doesn't support the given collection type.
99 [139797161043520] INFO perfrun.launcher <> - plugin [aoclprofile] was disabled because it doesn't support the given collection type.
99 [139797161043520] INFO perfrun.tpss <> - initialize tpss controller
99 [139797161043520] INFO perfrun.tpss <> - configure collection mode: value = cpu:counters:nostack
99 [139797161043520] INFO perfrun.tpss <> - configure collection mode: value = cpu:stack
99 [139797161043520] INFO perfrun.tpss <> - configure collection mode: value = threading:stack
99 [139797161043520] INFO perfrun.tpss <> - configure collection mode: value = waiting:stack
99 [139797161043520] INFO perfrun.tpss <> - configure collection mode: value = io:stack
99 [139797161043520] INFO perfrun.tpss <> - default obj-size-min=1024
99 [139797161043520] INFO perfrun.tpss <> - default hash-table-size=0
99 [139797161043520] INFO perfrun.launcher <> - plugin [media] was disabled because it doesn't support the given collection type.
99 [139797161043520] INFO perfrun.launcher <> - plugin [] was disabled because it doesn't support the given collection type.
99 [139797161043520] INFO perfrun.launcher <> - plugin [] was disabled because it doesn't support the given collection type.
99 [139797161043520] INFO perfrun.launcher <> - plugin [parallelfs] was disabled because it doesn't support the given collection type.
99 [139797161043520] INFO perfrun.launcher <> - plugin [power] was disabled because it doesn't support the given collection type.
99 [139797161043520] INFO perfrun.launcher <> - plugin [] was disabled because it doesn't support the given collection type.
99 [139797161043520] INFO perfrun.launcher <> - plugin [ipmwatch] was disabled because it doesn't support the given collection type.
99 [139797161043520] INFO perfrun.launcher <> - plugin [os_counters] was disabled because it doesn't support the given collection type.
99 [139797161043520] INFO perfrun.launcher <> - plugin [l0_metrics] was disabled because it doesn't support the given collection type.
100 [139797312607680] INFO perfrun.launcher <> - set environment variable: LD_LIBRARY_PATH = /opt/intel/oneapi/vtune/2024.0/lib32/runtime:/opt/intel/oneapi/vtune/2024.0/lib64/runtime:/.singularity.d/libs
100 [139797312607680] INFO perfrun.launcher <> - set environment variable: INTEL_LIBITTNOTIFY32 = /opt/intel/oneapi/vtune/2024.0/lib32/runtime/libittnotify_collector.so
100 [139797312607680] INFO perfrun.launcher <> - set environment variable: INTEL_LIBITTNOTIFY64 = /opt/intel/oneapi/vtune/2024.0/lib64/runtime/libittnotify_collector.so
100 [139797312607680] INFO perfrun.launcher <> - set environment variable: INTEL_ITTNOTIFY_GROUPS = 
100 [139797312607680] INFO perfrun.launcher <> - set environment variable: INTEL_JIT_PROFILER32 = /opt/intel/oneapi/vtune/2024.0/lib32/runtime/libittnotify_collector.so
100 [139797312607680] INFO perfrun.launcher <> - set environment variable: INTEL_JIT_PROFILER64 = /opt/intel/oneapi/vtune/2024.0/lib64/runtime/libittnotify_collector.so
100 [139797312607680] INFO perfrun.launcher <> - set environment variable: OMP_TOOL_LIBRARIES = /opt/intel/oneapi/vtune/2024.0/lib32/runtime/libittnotify_collector.so:/opt/intel/oneapi/vtune/2024.0/lib64/runtime/libittnotify_collector.so
100 [139797312607680] INFO perfrun.launcher <> - set environment variable: ENABLE_JITPROFILING = 1
100 [139797312607680] INFO perfrun.launcher <> - set environment variable: CL_CONFIG_USE_VTUNE = True
100 [139797312607680] INFO perfrun.launcher <> - set environment variable: LD_PRELOAD = libittnotify_collector.so:
100 [139797312607680] INFO perfrun.launcher <> - set environment variable: INTEL_MRTE_DATA_DIR = /tmp/amplxe-tmp-alexandra_ana.ion/amplxe-res-2752653-262230359722403652/data.0
100 [139797312607680] INFO perfrun.launcher <> - set environment variable: INTEL_MRTE_HOST_NAME = haswell-wn30.grid.pub.ro
100 [139797312607680] INFO perfrun.launcher <> - set environment variable: JAVA_TOOL_OPTIONS = -agentlib:amplxe_tpssmrte_javaprof_1.0 -Dsun.boot.library.path=/opt/intel/oneapi/vtune/2024.0/lib32/runtime:/opt/intel/oneapi/vtune/2024.0/lib64/runtime
100 [139797312607680] INFO perfrun.launcher <> - set environment variable: LD_LIBRARY_PATH = /opt/intel/oneapi/vtune/2024.0/lib32/runtime:/opt/intel/oneapi/vtune/2024.0/lib64/runtime:/.singularity.d/libs
100 [139797312607680] INFO perfrun.launcher <> - set environment variable: CORECLR_ENABLE_PROFILING = 1
100 [139797312607680] INFO perfrun.launcher <> - set environment variable: CORECLR_PROFILER = {AA5E4821-E3B1-479c-B7FF-5AD047D22CED}
100 [139797312607680] INFO perfrun.launcher <> - set environment variable: CORECLR_PROFILER_PATH = /opt/intel/oneapi/vtune/2024.0/lib64/libamplxe_samplingmrte_clrprof_1.0.so
100 [139797312607680] INFO perfrun.launcher <> - set environment variable: INTEL_MRTE_PROFILER_MODE = mixed
100 [139797312607680] INFO perfrun.launcher <> - RpcServer: run RPC server to handle requests
101 [139797312607680] INFO perfrun.launcher <> - Launcher: command line to start before modification = ./game_of_life input_10000_x_20000.txt
101 [139797312607680] INFO perfrun.launcher <> - Launcher: command line to start after modification = /opt/intel/oneapi/vtune/2024.0/bin64/pin -error_file /tmp/amplxe-tmp-alexandra_ana.ion/amplxe-res-2752653-262230359722403652/data.0/pinerr.tpsslog -detach_reattach -follow_execv -tool_load_option deepbind -t64 /opt/intel/oneapi/vtune/2024.0/lib64/libtpsstool.so -t /opt/intel/oneapi/vtune/2024.0/lib32/libtpsstool.so -server_name tpss_ipc.2752653 -prd_dir /opt/intel/oneapi/vtune/2024.0 -- ./game_of_life input_10000_x_20000.txt
101 [139797312607680] INFO perfrun.launcher <> - ProcessCreator object was created
101 [139797312607680] INFO perfrun.launcher <> - Launcher: the process was started in suspend mode
104 [139797161043520] WARN perfrun.system <> - Could not do anything with /sys/kernel/debug/kvm: boost::filesystem::status: Permission denied: "/sys/kernel/debug/kvm", at file: vcs/perfrun1/plugins/system/src/trace_writer.cpp:787
104 [139797161043520] WARN perfrun.system <> - Folder "/var/run/libvirt/qemu/"doesn't exist, at file: vcs/perfrun1/plugins/system/src/trace_writer.cpp:800
107 [139797161043520] WARN perfrun.sdk <> - Failed to find xl binary on any of the system paths: /bin, /sbin, /usr/bin, /usr/sbin., at file: vcs/perfrun1/sdk/src/utils.cpp:204
107 [139797161043520] WARN perfrun.system <> - Could not start ContainerMapping collector, at file: vcs/perfrun1/plugins/system/src/controller.cpp:448
109 [139797161043520] INFO perfrun.vdso <> - Helper runtool '/opt/intel/oneapi/vtune/2024.0/bin32/amplxe-runss -dump-vdso -r /tmp/amplxe-tmp-alexandra_ana.ion/amplxe-res-2752653-262230359722403652 --tmp-dir /tmp/amplxe-tmp-alexandra_ana.ion' returned 1
229 [139797161043520] INFO perfrun.vdso <> - Helper runtool '/opt/intel/oneapi/vtune/2024.0/bin64/amplxe-runss -dump-vdso -r /tmp/amplxe-tmp-alexandra_ana.ion/amplxe-res-2752653-262230359722403652 --tmp-dir /tmp/amplxe-tmp-alexandra_ana.ion' returned 0
229 [139797161043520] INFO perfrun.itt <> - start itt controller for pid #2752658
229 [139797161043520] INFO perfrun.tpss <> - start tpss controller for pid #2752658
280 [139797312607680] INFO perfrun.launcher <> - Launcher: all plugins were started
280 [139797312607680] INFO perfrun.launcher <> - DirectoryMonitor object was created
280 [139797312607680] INFO perfrun.launcher <> - DirectoryMonitor: a callback was added
280 [139797312607680] INFO perfrun.launcher <> - DirectoryMonitor was started with pingTime = 1000
280 [139797312607680] INFO perfrun.launcher <> - DeadlineTimer is going to be constructed
280 [139797312607680] INFO perfrun.launcher <> - DeadlineTimer: a callback was added
291 [139797312607680] INFO perfrun.launcher <> - Launcher: resume the profiled application and  wait its termination or stop command
14597 [139797312607680] INFO perfrun.launcher <> - Launcher: the profiled application was terminated  with exit code = 0
14601 [139797161043520] INFO perfrun.itt <> - detach itt controller
14601 [139797161043520] INFO perfrun.itt <> - detach itt controller done
14601 [139797161043520] INFO perfrun.tpss <> - stop tpss controller
14602 [139797161043520] INFO perfrun.sdk <> - De-allocating TMU: /tmp/amplxe-tmp-alexandra_ana.ion/amplxe-res-2752653-262230359722403652/data.0/systemcollector-2752653-haswell-wn30.grid.pub.ro.sc
14602 [139797161043520] INFO perfrun.system <> - closed the system trace file: /tmp/amplxe-tmp-alexandra_ana.ion/amplxe-res-2752653-262230359722403652/data.0/systemcollector-2752653-haswell-wn30.grid.pub.ro.sc
14602 [139797312607680] INFO perfrun.launcher <> - Launcher: all plugins were stopped.
14602 [139797312607680] INFO perfrun.launcher <> - DeadlineTimer is going to be destroyed
14602 [139797312607680] INFO perfrun.launcher <> - DeadlineTimer was destroyed
14602 [139797312607680] INFO perfrun.launcher <> - DirectoryMonitor object was destroyed
14602 [139797312607680] WARN perfrun.launcher <> - Stop command is ignored because it is received when collection is already stopped, at file: vcs/perfrun1/launcher/src/command_handler.cpp:226
14638 [139797312607680] INFO perfrun.launcher <> - Application exit code: 0
14638 [139797312607680] INFO perfrun.launcher <> - Exit code: 0
