11 [139834492925376] INFO perfrun.launcher <> - Launcher main begin
12 [139834492925376] INFO perfrun.launcher <> - MessageCatalogInit finished
12 [139834492925376] INFO perfrun.launcher <> - Launcher instance created
12 [139834492925376] INFO perfrun.launcher <> - argc = 7; cmdline = /opt/intel/oneapi/vtune/2024.0/bin64/amplxe-runss --ui-output-format xml --ui-output-fd 5 --option-file /export/home/acs/stud/a/alexandra_ana.ion/sm-conways-game-of-life/src/openmp/result_dir_openmp_8threading.haswell-wn30.grid.pub.ro/config/runss.options 
64 [139834492925376] INFO perfrun.launcher <> - create msngr2::ICliToolContext
64 [139834492925376] INFO perfrun.launcher <> - create file finder object
64 [139834492925376] INFO perfrun.launcher <> - create a result directory: pattern = /export/home/acs/stud/a/alexandra_ana.ion/sm-conways-game-of-life/src/openmp/result_dir_openmp_8threading.haswell-wn30.grid.pub.ro pid = 4294967295
66 [139834492925376] INFO perfrun.sdk <> - checked that the directory /export/home/acs/stud/a/alexandra_ana.ion/sm-conways-game-of-life/src/openmp/result_dir_openmp_8threading.haswell-wn30.grid.pub.ro is a local directory
67 [139834492925376] INFO perfrun.sdk <> - the directory /export/home/acs/stud/a/alexandra_ana.ion/sm-conways-game-of-life/src/openmp/result_dir_openmp_8threading.haswell-wn30.grid.pub.ro is located on a share or its FS ID is unknown 12805120
67 [139834492925376] INFO perfrun.sdk <> - checked that the directory /tmp/amplxe-tmp-alexandra_ana.ion is a local directory
67 [139834492925376] INFO perfrun.sdk <> - the directory /tmp/amplxe-tmp-alexandra_ana.ion is a local directory with FS type ID 61267
67 [139834492925376] INFO perfrun.launcher <> - Create a local result directory /tmp/amplxe-tmp-alexandra_ana.ion/amplxe-res-2752391-262230207149931580 due to the user result path /export/home/acs/stud/a/alexandra_ana.ion/sm-conways-game-of-life/src/openmp/result_dir_openmp_8threading.haswell-wn30.grid.pub.ro is located on a share
67 [139834492925376] INFO perfrun.launcher <> - create data directory = /tmp/amplxe-tmp-alexandra_ana.ion/amplxe-res-2752391-262230207149931580/data.0
68 [139834492925376] INFO perfrun.launcher <> - create data directory = /export/home/acs/stud/a/alexandra_ana.ion/sm-conways-game-of-life/src/openmp/result_dir_openmp_8threading.haswell-wn30.grid.pub.ro/data.0
68 [139834492925376] INFO perfrun.launcher <> - Creating the master collection flag
99 [139834492925376] INFO perfrun.launcher <> - Done creating the master collection flag
114 [139834341451328] INFO perfrun.launcher <> - plugin [remoteplug] was disabled because it doesn't support the given collection type.
114 [139834341451328] INFO perfrun.sdk <> - Allocating TMU :/tmp/amplxe-tmp-alexandra_ana.ion/amplxe-res-2752391-262230207149931580/data.0/systemcollector-2752391-haswell-wn30.grid.pub.ro.sc
114 [139834341451328] INFO perfrun.system <> - Tpss based collection
115 [139834341451328] INFO perfrun.launcher <> - plugin [ptracecollector] was disabled because it doesn't support the given collection type.
115 [139834341451328] INFO perfrun.launcher <> - plugin [gpu] was disabled because it doesn't support the given collection type.
115 [139834341451328] INFO perfrun.launcher <> - plugin [] was disabled because it doesn't support the given collection type.
115 [139834341451328] INFO perfrun.launcher <> - plugin [] was disabled because it doesn't support the given collection type.
115 [139834341451328] INFO perfrun.launcher <> - plugin [] was disabled because it doesn't support the given collection type.
115 [139834341451328] INFO perfrun.mrte <> - system-wide mode is 0
115 [139834341451328] INFO perfrun.mrte <> - Getting  mrte profiling environment ...
127 [139834341451328] INFO perfrun.mrte <> - INTEL_MRTE_DATA_DIR=/tmp/amplxe-tmp-alexandra_ana.ion/amplxe-res-2752391-262230207149931580/data.0
127 [139834341451328] INFO perfrun.mrte <> - INTEL_MRTE_HOST_NAME=haswell-wn30.grid.pub.ro
127 [139834341451328] INFO perfrun.mrte <> - JAVA_TOOL_OPTIONS=-agentlib:amplxe_tpssmrte_javaprof_1.0 -Dsun.boot.library.path=/opt/intel/oneapi/vtune/2024.0/lib32/runtime:/opt/intel/oneapi/vtune/2024.0/lib64/runtime
127 [139834341451328] INFO perfrun.mrte <> - LD_LIBRARY_PATH=/opt/intel/oneapi/vtune/2024.0/lib32/runtime:/opt/intel/oneapi/vtune/2024.0/lib64/runtime:/.singularity.d/libs
127 [139834341451328] INFO perfrun.mrte <> - CORECLR_ENABLE_PROFILING=1
127 [139834341451328] INFO perfrun.mrte <> - CORECLR_PROFILER={AA5E4821-E3B1-479c-B7FF-5AD047D22CED}
127 [139834341451328] INFO perfrun.mrte <> - CORECLR_PROFILER_PATH=/opt/intel/oneapi/vtune/2024.0/lib64/libamplxe_samplingmrte_clrprof_1.0.so
127 [139834341451328] INFO perfrun.mrte <> - INTEL_MRTE_PROFILER_MODE=mixed
127 [139834341451328] INFO perfrun.mrte <> - Data directory: /tmp/amplxe-tmp-alexandra_ana.ion/amplxe-res-2752391-262230207149931580/data.0
127 [139834341451328] INFO perfrun.mrte <> - Mrte plugin is initialized
127 [139834341451328] INFO perfrun.launcher <> - plugin [emon] was disabled because it doesn't support the given collection type.
127 [139834341451328] INFO perfrun.launcher <> - plugin [cuscol] was disabled because it doesn't support the given collection type.
127 [139834341451328] INFO perfrun.launcher <> - plugin [stdsrc] was disabled because it doesn't support the given collection type.
127 [139834341451328] INFO perfrun.launcher <> - plugin [sep] was disabled because it doesn't support the given collection type.
127 [139834341451328] INFO perfrun.launcher <> - plugin [vtsspp] was disabled because it doesn't support the given collection type.
127 [139834341451328] INFO perfrun.launcher <> - plugin [perf] was disabled because it doesn't support the given collection type.
127 [139834341451328] INFO perfrun.launcher <> - plugin [aoclprofile] was disabled because it doesn't support the given collection type.
127 [139834341451328] INFO perfrun.tpss <> - initialize tpss controller
128 [139834341451328] INFO perfrun.tpss <> - configure collection mode: value = cpu:counters:nostack
128 [139834341451328] INFO perfrun.tpss <> - configure collection mode: value = cpu:stack
128 [139834341451328] INFO perfrun.tpss <> - configure collection mode: value = threading:stack
128 [139834341451328] INFO perfrun.tpss <> - configure collection mode: value = waiting:stack
128 [139834341451328] INFO perfrun.tpss <> - configure collection mode: value = io:stack
128 [139834341451328] INFO perfrun.tpss <> - default obj-size-min=1024
128 [139834341451328] INFO perfrun.tpss <> - default hash-table-size=0
128 [139834341451328] INFO perfrun.launcher <> - plugin [media] was disabled because it doesn't support the given collection type.
128 [139834341451328] INFO perfrun.launcher <> - plugin [] was disabled because it doesn't support the given collection type.
128 [139834341451328] INFO perfrun.launcher <> - plugin [] was disabled because it doesn't support the given collection type.
128 [139834341451328] INFO perfrun.launcher <> - plugin [parallelfs] was disabled because it doesn't support the given collection type.
128 [139834341451328] INFO perfrun.launcher <> - plugin [power] was disabled because it doesn't support the given collection type.
128 [139834341451328] INFO perfrun.launcher <> - plugin [] was disabled because it doesn't support the given collection type.
128 [139834341451328] INFO perfrun.launcher <> - plugin [ipmwatch] was disabled because it doesn't support the given collection type.
128 [139834341451328] INFO perfrun.launcher <> - plugin [os_counters] was disabled because it doesn't support the given collection type.
128 [139834341451328] INFO perfrun.launcher <> - plugin [l0_metrics] was disabled because it doesn't support the given collection type.
128 [139834492925376] INFO perfrun.launcher <> - set environment variable: LD_LIBRARY_PATH = /opt/intel/oneapi/vtune/2024.0/lib32/runtime:/opt/intel/oneapi/vtune/2024.0/lib64/runtime:/.singularity.d/libs
128 [139834492925376] INFO perfrun.launcher <> - set environment variable: INTEL_LIBITTNOTIFY32 = /opt/intel/oneapi/vtune/2024.0/lib32/runtime/libittnotify_collector.so
128 [139834492925376] INFO perfrun.launcher <> - set environment variable: INTEL_LIBITTNOTIFY64 = /opt/intel/oneapi/vtune/2024.0/lib64/runtime/libittnotify_collector.so
128 [139834492925376] INFO perfrun.launcher <> - set environment variable: INTEL_ITTNOTIFY_GROUPS = 
128 [139834492925376] INFO perfrun.launcher <> - set environment variable: INTEL_JIT_PROFILER32 = /opt/intel/oneapi/vtune/2024.0/lib32/runtime/libittnotify_collector.so
128 [139834492925376] INFO perfrun.launcher <> - set environment variable: INTEL_JIT_PROFILER64 = /opt/intel/oneapi/vtune/2024.0/lib64/runtime/libittnotify_collector.so
128 [139834492925376] INFO perfrun.launcher <> - set environment variable: OMP_TOOL_LIBRARIES = /opt/intel/oneapi/vtune/2024.0/lib32/runtime/libittnotify_collector.so:/opt/intel/oneapi/vtune/2024.0/lib64/runtime/libittnotify_collector.so
128 [139834492925376] INFO perfrun.launcher <> - set environment variable: ENABLE_JITPROFILING = 1
128 [139834492925376] INFO perfrun.launcher <> - set environment variable: CL_CONFIG_USE_VTUNE = True
128 [139834492925376] INFO perfrun.launcher <> - set environment variable: LD_PRELOAD = libittnotify_collector.so:
128 [139834492925376] INFO perfrun.launcher <> - set environment variable: INTEL_MRTE_DATA_DIR = /tmp/amplxe-tmp-alexandra_ana.ion/amplxe-res-2752391-262230207149931580/data.0
128 [139834492925376] INFO perfrun.launcher <> - set environment variable: INTEL_MRTE_HOST_NAME = haswell-wn30.grid.pub.ro
128 [139834492925376] INFO perfrun.launcher <> - set environment variable: JAVA_TOOL_OPTIONS = -agentlib:amplxe_tpssmrte_javaprof_1.0 -Dsun.boot.library.path=/opt/intel/oneapi/vtune/2024.0/lib32/runtime:/opt/intel/oneapi/vtune/2024.0/lib64/runtime
128 [139834492925376] INFO perfrun.launcher <> - set environment variable: LD_LIBRARY_PATH = /opt/intel/oneapi/vtune/2024.0/lib32/runtime:/opt/intel/oneapi/vtune/2024.0/lib64/runtime:/.singularity.d/libs
128 [139834492925376] INFO perfrun.launcher <> - set environment variable: CORECLR_ENABLE_PROFILING = 1
129 [139834492925376] INFO perfrun.launcher <> - set environment variable: CORECLR_PROFILER = {AA5E4821-E3B1-479c-B7FF-5AD047D22CED}
129 [139834492925376] INFO perfrun.launcher <> - set environment variable: CORECLR_PROFILER_PATH = /opt/intel/oneapi/vtune/2024.0/lib64/libamplxe_samplingmrte_clrprof_1.0.so
129 [139834492925376] INFO perfrun.launcher <> - set environment variable: INTEL_MRTE_PROFILER_MODE = mixed
129 [139834492925376] INFO perfrun.launcher <> - RpcServer: run RPC server to handle requests
129 [139834492925376] INFO perfrun.launcher <> - Launcher: command line to start before modification = ./game_of_life input_10000_x_20000.txt
129 [139834492925376] INFO perfrun.launcher <> - Launcher: command line to start after modification = /opt/intel/oneapi/vtune/2024.0/bin64/pin -error_file /tmp/amplxe-tmp-alexandra_ana.ion/amplxe-res-2752391-262230207149931580/data.0/pinerr.tpsslog -detach_reattach -follow_execv -tool_load_option deepbind -t64 /opt/intel/oneapi/vtune/2024.0/lib64/libtpsstool.so -t /opt/intel/oneapi/vtune/2024.0/lib32/libtpsstool.so -server_name tpss_ipc.2752391 -prd_dir /opt/intel/oneapi/vtune/2024.0 -- ./game_of_life input_10000_x_20000.txt
129 [139834492925376] INFO perfrun.launcher <> - ProcessCreator object was created
130 [139834492925376] INFO perfrun.launcher <> - Launcher: the process was started in suspend mode
145 [139834341451328] WARN perfrun.system <> - Could not do anything with /sys/kernel/debug/kvm: boost::filesystem::status: Permission denied: "/sys/kernel/debug/kvm", at file: vcs/perfrun1/plugins/system/src/trace_writer.cpp:787
145 [139834341451328] WARN perfrun.system <> - Folder "/var/run/libvirt/qemu/"doesn't exist, at file: vcs/perfrun1/plugins/system/src/trace_writer.cpp:800
148 [139834341451328] WARN perfrun.sdk <> - Failed to find xl binary on any of the system paths: /bin, /sbin, /usr/bin, /usr/sbin., at file: vcs/perfrun1/sdk/src/utils.cpp:204
148 [139834341451328] WARN perfrun.system <> - Could not start ContainerMapping collector, at file: vcs/perfrun1/plugins/system/src/controller.cpp:448
151 [139834341451328] INFO perfrun.vdso <> - Helper runtool '/opt/intel/oneapi/vtune/2024.0/bin32/amplxe-runss -dump-vdso -r /tmp/amplxe-tmp-alexandra_ana.ion/amplxe-res-2752391-262230207149931580 --tmp-dir /tmp/amplxe-tmp-alexandra_ana.ion' returned 1
266 [139834341451328] INFO perfrun.vdso <> - Helper runtool '/opt/intel/oneapi/vtune/2024.0/bin64/amplxe-runss -dump-vdso -r /tmp/amplxe-tmp-alexandra_ana.ion/amplxe-res-2752391-262230207149931580 --tmp-dir /tmp/amplxe-tmp-alexandra_ana.ion' returned 0
266 [139834341451328] INFO perfrun.itt <> - start itt controller for pid #2752396
266 [139834341451328] INFO perfrun.tpss <> - start tpss controller for pid #2752396
316 [139834492925376] INFO perfrun.launcher <> - Launcher: all plugins were started
317 [139834492925376] INFO perfrun.launcher <> - DirectoryMonitor object was created
317 [139834492925376] INFO perfrun.launcher <> - DirectoryMonitor: a callback was added
317 [139834492925376] INFO perfrun.launcher <> - DirectoryMonitor was started with pingTime = 1000
317 [139834492925376] INFO perfrun.launcher <> - DeadlineTimer is going to be constructed
317 [139834492925376] INFO perfrun.launcher <> - DeadlineTimer: a callback was added
361 [139834492925376] INFO perfrun.launcher <> - Launcher: resume the profiled application and  wait its termination or stop command
15522 [139834492925376] INFO perfrun.launcher <> - Launcher: the profiled application was terminated  with exit code = 0
15526 [139834341451328] INFO perfrun.itt <> - detach itt controller
15526 [139834341451328] INFO perfrun.itt <> - detach itt controller done
15526 [139834341451328] INFO perfrun.tpss <> - stop tpss controller
15526 [139834341451328] INFO perfrun.sdk <> - De-allocating TMU: /tmp/amplxe-tmp-alexandra_ana.ion/amplxe-res-2752391-262230207149931580/data.0/systemcollector-2752391-haswell-wn30.grid.pub.ro.sc
15526 [139834341451328] INFO perfrun.system <> - closed the system trace file: /tmp/amplxe-tmp-alexandra_ana.ion/amplxe-res-2752391-262230207149931580/data.0/systemcollector-2752391-haswell-wn30.grid.pub.ro.sc
15526 [139834492925376] INFO perfrun.launcher <> - Launcher: all plugins were stopped.
15526 [139834492925376] INFO perfrun.launcher <> - DeadlineTimer is going to be destroyed
15526 [139834492925376] INFO perfrun.launcher <> - DeadlineTimer was destroyed
15526 [139834492925376] INFO perfrun.launcher <> - DirectoryMonitor object was destroyed
15526 [139834492925376] WARN perfrun.launcher <> - Stop command is ignored because it is received when collection is already stopped, at file: vcs/perfrun1/launcher/src/command_handler.cpp:226
15585 [139834492925376] INFO perfrun.launcher <> - Application exit code: 0
15585 [139834492925376] INFO perfrun.launcher <> - Exit code: 0
