12 [140442537552192] INFO perfrun.launcher <> - Launcher main begin
13 [140442537552192] INFO perfrun.launcher <> - MessageCatalogInit finished
13 [140442537552192] INFO perfrun.launcher <> - Launcher instance created
13 [140442537552192] INFO perfrun.launcher <> - argc = 6; cmdline = /opt/intel/oneapi/vtune/2024.0/bin64/amplxe-runss -dump-vdso -r /tmp/amplxe-tmp-alexandra_ana.ion/amplxe-res-2751160-262229446583467766 --tmp-dir /tmp/amplxe-tmp-alexandra_ana.ion 
60 [140442537552192] INFO perfrun.launcher <> - create msngr2::ICliToolContext
60 [140442537552192] INFO perfrun.launcher <> - create file finder object
63 [140442381313600] INFO perfrun.launcher <> - plugin [remoteplug] was disabled because it doesn't support the given collection type.
63 [140442381313600] INFO perfrun.launcher <> - plugin [system] was disabled because it doesn't support the given collection type.
63 [140442381313600] INFO perfrun.vdso <> - dumping [vdso] pseudomodule
83 [140442381313600] INFO perfrun.launcher <> - plugin [itt] was disabled because it doesn't support the given collection type.
83 [140442381313600] INFO perfrun.launcher <> - plugin [ptracecollector] was disabled because it doesn't support the given collection type.
83 [140442381313600] INFO perfrun.launcher <> - plugin [gpu] was disabled because it doesn't support the given collection type.
83 [140442381313600] INFO perfrun.launcher <> - plugin [] was disabled because it doesn't support the given collection type.
84 [140442381313600] INFO perfrun.launcher <> - plugin [] was disabled because it doesn't support the given collection type.
84 [140442381313600] INFO perfrun.launcher <> - plugin [] was disabled because it doesn't support the given collection type.
84 [140442381313600] INFO perfrun.launcher <> - plugin [mrte] was disabled because it doesn't support the given collection type.
84 [140442381313600] INFO perfrun.launcher <> - plugin [emon] was disabled because it doesn't support the given collection type.
84 [140442381313600] INFO perfrun.launcher <> - plugin [cuscol] was disabled because it doesn't support the given collection type.
84 [140442381313600] INFO perfrun.launcher <> - plugin [stdsrc] was disabled because it doesn't support the given collection type.
84 [140442381313600] INFO perfrun.launcher <> - plugin [sep] was disabled because it doesn't support the given collection type.
84 [140442381313600] INFO perfrun.launcher <> - plugin [vtsspp] was disabled because it doesn't support the given collection type.
84 [140442381313600] INFO perfrun.launcher <> - plugin [perf] was disabled because it doesn't support the given collection type.
84 [140442381313600] INFO perfrun.launcher <> - plugin [aoclprofile] was disabled because it doesn't support the given collection type.
84 [140442381313600] INFO perfrun.launcher <> - plugin [tpss] was disabled because it doesn't support the given collection type.
84 [140442381313600] INFO perfrun.launcher <> - plugin [media] was disabled because it doesn't support the given collection type.
84 [140442381313600] INFO perfrun.launcher <> - plugin [] was disabled because it doesn't support the given collection type.
84 [140442381313600] INFO perfrun.launcher <> - plugin [] was disabled because it doesn't support the given collection type.
84 [140442381313600] INFO perfrun.launcher <> - plugin [parallelfs] was disabled because it doesn't support the given collection type.
84 [140442381313600] INFO perfrun.launcher <> - plugin [power] was disabled because it doesn't support the given collection type.
84 [140442381313600] INFO perfrun.launcher <> - plugin [] was disabled because it doesn't support the given collection type.
84 [140442381313600] INFO perfrun.launcher <> - plugin [ipmwatch] was disabled because it doesn't support the given collection type.
84 [140442381313600] INFO perfrun.launcher <> - plugin [os_counters] was disabled because it doesn't support the given collection type.
84 [140442381313600] INFO perfrun.launcher <> - plugin [l0_metrics] was disabled because it doesn't support the given collection type.
84 [140442537552192] INFO perfrun.launcher <> - Application exit code: 0
84 [140442537552192] INFO perfrun.launcher <> - Exit code: 0
